#
# A fatal error has been detected by the Java Runtime Environment:
#
#  SIGBUS (0xa) at pc=0x000000010b592b50, pid=7333, tid=46595
#
# JRE version: OpenJDK Runtime Environment (11.0.8+10) (build 11.0.8+10-b944.6916264)
# Java VM: OpenJDK 64-Bit Server VM (11.0.8+10-b944.6916264, mixed mode, tiered, compressed oops, parallel gc, bsd-amd64)
# Problematic frame:
# V  [libjvm.dylib+0x392b50]  InterpreterRuntime::throw_ArrayIndexOutOfBoundsException(JavaThread*, arrayOopDesc*, int)+0x86
#
# No core dump will be written. Core dumps have been disabled. To enable core dumping, try "ulimit -c unlimited" before starting Java again
#
# If you would like to submit a bug report, please visit:
#   https://bugreport.java.com/bugreport/crash.jsp
#

---------------  S U M M A R Y ------------

Command Line: --add-modules=ALL-SYSTEM --add-opens=java.base/java.util=ALL-UNNAMED --add-opens=java.base/java.lang=ALL-UNNAMED -Declipse.application=org.eclipse.jdt.ls.core.id1 -Dosgi.bundles.defaultStartLevel=4 -Declipse.product=org.eclipse.jdt.ls.core.product -Dfile.encoding=utf8 -XX:+UseParallelGC -XX:GCTimeRatio=4 -XX:AdaptiveSizePolicyWeight=90 -Dsun.zip.disableMemoryMapping=true -Xmx1G -Xms100m -Xverify:none /Users/imac/.vscode/extensions/redhat.java-0.80.0/server/plugins/org.eclipse.equinox.launcher_1.6.200.v20210416-2027.jar -configuration /Users/imac/Library/Application Support/Code/User/globalStorage/redhat.java/0.80.0/config_ss_mac -data /Users/imac/Library/Application Support/Code/User/workspaceStorage/d3bbf0972907c79e18eac1fbdd73c638/redhat.java/ss_ws

Host: iMac13,2 x86_64 2900 MHz, 4 cores, 24G, Darwin 19.6.0
Time: Tue Aug  3 20:03:27 2021 CDT elapsed time: 3 seconds (0d 0h 0m 3s)

---------------  T H R E A D  ---------------

Current thread (0x00007f88320c4800):  JavaThread "pool-1-thread-1" [_thread_in_vm, id=46595, stack(0x000070000d340000,0x000070000d440000)]

Stack: [0x000070000d340000,0x000070000d440000],  sp=0x000070000d43df90,  free space=1015k
Native frames: (J=compiled Java code, A=aot compiled Java code, j=interpreted, Vv=VM code, C=native code)
V  [libjvm.dylib+0x392b50]  InterpreterRuntime::throw_ArrayIndexOutOfBoundsException(JavaThread*, arrayOopDesc*, int)+0x86
j  org.eclipse.jdt.internal.compiler.parser.Scanner.getNextToken0()I+93
j  org.eclipse.jdt.internal.compiler.parser.Scanner.getNextToken()I+47
j  org.eclipse.jdt.internal.compiler.parser.Parser.fetchNextToken()I+4
j  org.eclipse.jdt.internal.compiler.parser.Parser.parse()V+456
j  org.eclipse.jdt.internal.compiler.parser.Parser.parse(Lorg/eclipse/jdt/internal/compiler/env/ICompilationUnit;Lorg/eclipse/jdt/internal/compiler/CompilationResult;II)Lorg/eclipse/jdt/internal/compiler/ast/CompilationUnitDeclaration;+178
j  org.eclipse.jdt.internal.compiler.parser.Parser.parse(Lorg/eclipse/jdt/internal/compiler/env/ICompilationUnit;Lorg/eclipse/jdt/internal/compiler/CompilationResult;)Lorg/eclipse/jdt/internal/compiler/ast/CompilationUnitDeclaration;+5
j  org.eclipse.jdt.internal.compiler.SourceElementParser.parseCompilationUnit(Lorg/eclipse/jdt/internal/compiler/env/ICompilationUnit;ZLorg/eclipse/core/runtime/IProgressMonitor;)Lorg/eclipse/jdt/internal/compiler/ast/CompilationUnitDeclaration;+53
j  org.eclipse.jdt.internal.core.CompilationUnit.buildStructure(Lorg/eclipse/jdt/internal/core/OpenableElementInfo;Lorg/eclipse/core/runtime/IProgressMonitor;Ljava/util/Map;Lorg/eclipse/core/resources/IResource;)Z+523
J 2994 c1 org.eclipse.jdt.internal.core.Openable.generateInfos(Ljava/lang/Object;Ljava/util/HashMap;Lorg/eclipse/core/runtime/IProgressMonitor;)V (281 bytes) @ 0x0000000119eb5484 [0x0000000119eb4ea0+0x00000000000005e4]
J 2986 c1 org.eclipse.jdt.internal.core.JavaElement.openWhenClosed(Ljava/lang/Object;ZLorg/eclipse/core/runtime/IProgressMonitor;)Ljava/lang/Object; (169 bytes) @ 0x0000000119eb066c [0x0000000119eb0460+0x000000000000020c]
j  org.eclipse.jdt.internal.core.BecomeWorkingCopyOperation.executeOperation()V+29
j  org.eclipse.jdt.internal.core.JavaModelOperation.run(Lorg/eclipse/core/runtime/IProgressMonitor;)V+55
j  org.eclipse.jdt.internal.core.JavaModelOperation.runOperation(Lorg/eclipse/core/runtime/IProgressMonitor;)V+32
j  org.eclipse.jdt.internal.core.CompilationUnit.becomeWorkingCopy(Lorg/eclipse/jdt/core/IProblemRequestor;Lorg/eclipse/core/runtime/IProgressMonitor;)V+37
j  org.eclipse.jdt.internal.core.CompilationUnit.becomeWorkingCopy(Lorg/eclipse/core/runtime/IProgressMonitor;)V+23
j  org.eclipse.jdt.ls.core.internal.handlers.BaseDocumentLifeCycleHandler.handleOpen(Lorg/eclipse/lsp4j/DidOpenTextDocumentParams;)Lorg/eclipse/jdt/core/ICompilationUnit;+144
j  org.eclipse.jdt.ls.core.internal.handlers.BaseDocumentLifeCycleHandler$5.run(Lorg/eclipse/core/runtime/IProgressMonitor;)V+8
j  org.eclipse.core.internal.resources.Workspace.run(Lorg/eclipse/core/runtime/ICoreRunnable;Lorg/eclipse/core/runtime/jobs/ISchedulingRule;ILorg/eclipse/core/runtime/IProgressMonitor;)V+69
j  org.eclipse.core.internal.resources.Workspace.run(Lorg/eclipse/core/resources/IWorkspaceRunnable;Lorg/eclipse/core/runtime/jobs/ISchedulingRule;ILorg/eclipse/core/runtime/IProgressMonitor;)V+6
j  org.eclipse.jdt.ls.core.internal.handlers.BaseDocumentLifeCycleHandler.didOpen(Lorg/eclipse/lsp4j/DidOpenTextDocumentParams;)V+32
j  org.eclipse.jdt.ls.core.internal.syntaxserver.SyntaxLanguageServer.didOpen(Lorg/eclipse/lsp4j/DidOpenTextDocumentParams;)V+11
v  ~StubRoutines::call_stub
V  [libjvm.dylib+0x39947a]  JavaCalls::call_helper(JavaValue*, methodHandle const&, JavaCallArguments*, Thread*)+0x21a
V  [libjvm.dylib+0x64e661]  invoke(InstanceKlass*, methodHandle const&, Handle, bool, objArrayHandle, BasicType, objArrayHandle, bool, Thread*)+0x541
V  [libjvm.dylib+0x64e0d6]  Reflection::invoke_method(oopDesc*, Handle, objArrayHandle, Thread*)+0xf4
V  [libjvm.dylib+0x420759]  JVM_InvokeMethod+0x21e
j  jdk.internal.reflect.NativeMethodAccessorImpl.invoke0(Ljava/lang/reflect/Method;Ljava/lang/Object;[Ljava/lang/Object;)Ljava/lang/Object;+0 java.base@11.0.8
j  jdk.internal.reflect.NativeMethodAccessorImpl.invoke(Ljava/lang/Object;[Ljava/lang/Object;)Ljava/lang/Object;+100 java.base@11.0.8
J 906 c1 jdk.internal.reflect.DelegatingMethodAccessorImpl.invoke(Ljava/lang/Object;[Ljava/lang/Object;)Ljava/lang/Object; java.base@11.0.8 (10 bytes) @ 0x0000000119aafccc [0x0000000119aafbc0+0x000000000000010c]
J 905 c1 java.lang.reflect.Method.invoke(Ljava/lang/Object;[Ljava/lang/Object;)Ljava/lang/Object; java.base@11.0.8 (65 bytes) @ 0x0000000119aaf764 [0x0000000119aaf420+0x0000000000000344]
j  org.eclipse.lsp4j.jsonrpc.services.GenericEndpoint.lambda$null$0(Lorg/eclipse/lsp4j/jsonrpc/services/AnnotationUtil$MethodInfo;Ljava/lang/Object;Ljava/lang/Object;)Ljava/util/concurrent/CompletableFuture;+20
j  org.eclipse.lsp4j.jsonrpc.services.GenericEndpoint$$Lambda$137.apply(Ljava/lang/Object;)Ljava/lang/Object;+13
j  org.eclipse.lsp4j.jsonrpc.services.GenericEndpoint.notify(Ljava/lang/String;Ljava/lang/Object;)V+18
j  org.eclipse.lsp4j.jsonrpc.RemoteEndpoint.handleNotification(Lorg/eclipse/lsp4j/jsonrpc/messages/NotificationMessage;)V+20
j  org.eclipse.lsp4j.jsonrpc.RemoteEndpoint.consume(Lorg/eclipse/lsp4j/jsonrpc/messages/Message;)V+14
j  org.eclipse.jdt.ls.core.internal.ParentProcessWatcher.lambda$0(Lorg/eclipse/lsp4j/jsonrpc/MessageConsumer;Lorg/eclipse/lsp4j/jsonrpc/messages/Message;)V+9
j  org.eclipse.jdt.ls.core.internal.ParentProcessWatcher$$Lambda$133.consume(Lorg/eclipse/lsp4j/jsonrpc/messages/Message;)V+9
j  org.eclipse.lsp4j.jsonrpc.json.StreamMessageProducer.handleMessage(Ljava/io/InputStream;Lorg/eclipse/lsp4j/jsonrpc/json/StreamMessageProducer$Headers;)Z+99
j  org.eclipse.lsp4j.jsonrpc.json.StreamMessageProducer.listen(Lorg/eclipse/lsp4j/jsonrpc/MessageConsumer;)V+158
j  org.eclipse.lsp4j.jsonrpc.json.ConcurrentMessageProcessor.run()V+12
j  java.util.concurrent.Executors$RunnableAdapter.call()Ljava/lang/Object;+4 java.base@11.0.8
j  java.util.concurrent.FutureTask.run()V+39 java.base@11.0.8
j  java.util.concurrent.ThreadPoolExecutor.runWorker(Ljava/util/concurrent/ThreadPoolExecutor$Worker;)V+92 java.base@11.0.8
j  java.util.concurrent.ThreadPoolExecutor$Worker.run()V+5 java.base@11.0.8
j  java.lang.Thread.run()V+11 java.base@11.0.8
v  ~StubRoutines::call_stub
V  [libjvm.dylib+0x39947a]  JavaCalls::call_helper(JavaValue*, methodHandle const&, JavaCallArguments*, Thread*)+0x21a
V  [libjvm.dylib+0x3988c4]  JavaCalls::call_virtual(JavaValue*, Klass*, Symbol*, Symbol*, JavaCallArguments*, Thread*)+0xee
V  [libjvm.dylib+0x398980]  JavaCalls::call_virtual(JavaValue*, Handle, Klass*, Symbol*, Symbol*, Thread*)+0x62
V  [libjvm.dylib+0x41cb55]  thread_entry(JavaThread*, Thread*)+0x78
V  [libjvm.dylib+0x6ec558]  JavaThread::thread_main_inner()+0x82
V  [libjvm.dylib+0x6ec3a2]  JavaThread::run()+0x174
V  [libjvm.dylib+0x6ea27e]  Thread::call_run()+0x68
V  [libjvm.dylib+0x5f20ab]  thread_native_entry(Thread*)+0x139
C  [libsystem_pthread.dylib+0x6109]  _pthread_start+0x94
C  [libsystem_pthread.dylib+0x1b8b]  thread_start+0xf

Java frames: (J=compiled Java code, j=interpreted, Vv=VM code)
j  org.eclipse.jdt.internal.compiler.parser.Scanner.getNextToken0()I+93
j  org.eclipse.jdt.internal.compiler.parser.Scanner.getNextToken()I+47
j  org.eclipse.jdt.internal.compiler.parser.Parser.fetchNextToken()I+4
j  org.eclipse.jdt.internal.compiler.parser.Parser.parse()V+456
j  org.eclipse.jdt.internal.compiler.parser.Parser.parse(Lorg/eclipse/jdt/internal/compiler/env/ICompilationUnit;Lorg/eclipse/jdt/internal/compiler/CompilationResult;II)Lorg/eclipse/jdt/internal/compiler/ast/CompilationUnitDeclaration;+178
j  org.eclipse.jdt.internal.compiler.parser.Parser.parse(Lorg/eclipse/jdt/internal/compiler/env/ICompilationUnit;Lorg/eclipse/jdt/internal/compiler/CompilationResult;)Lorg/eclipse/jdt/internal/compiler/ast/CompilationUnitDeclaration;+5
j  org.eclipse.jdt.internal.compiler.SourceElementParser.parseCompilationUnit(Lorg/eclipse/jdt/internal/compiler/env/ICompilationUnit;ZLorg/eclipse/core/runtime/IProgressMonitor;)Lorg/eclipse/jdt/internal/compiler/ast/CompilationUnitDeclaration;+53
j  org.eclipse.jdt.internal.core.CompilationUnit.buildStructure(Lorg/eclipse/jdt/internal/core/OpenableElementInfo;Lorg/eclipse/core/runtime/IProgressMonitor;Ljava/util/Map;Lorg/eclipse/core/resources/IResource;)Z+523
J 2994 c1 org.eclipse.jdt.internal.core.Openable.generateInfos(Ljava/lang/Object;Ljava/util/HashMap;Lorg/eclipse/core/runtime/IProgressMonitor;)V (281 bytes) @ 0x0000000119eb5484 [0x0000000119eb4ea0+0x00000000000005e4]
J 2986 c1 org.eclipse.jdt.internal.core.JavaElement.openWhenClosed(Ljava/lang/Object;ZLorg/eclipse/core/runtime/IProgressMonitor;)Ljava/lang/Object; (169 bytes) @ 0x0000000119eb066c [0x0000000119eb0460+0x000000000000020c]
j  org.eclipse.jdt.internal.core.BecomeWorkingCopyOperation.executeOperation()V+29
j  org.eclipse.jdt.internal.core.JavaModelOperation.run(Lorg/eclipse/core/runtime/IProgressMonitor;)V+55
j  org.eclipse.jdt.internal.core.JavaModelOperation.runOperation(Lorg/eclipse/core/runtime/IProgressMonitor;)V+32
j  org.eclipse.jdt.internal.core.CompilationUnit.becomeWorkingCopy(Lorg/eclipse/jdt/core/IProblemRequestor;Lorg/eclipse/core/runtime/IProgressMonitor;)V+37
j  org.eclipse.jdt.internal.core.CompilationUnit.becomeWorkingCopy(Lorg/eclipse/core/runtime/IProgressMonitor;)V+23
j  org.eclipse.jdt.ls.core.internal.handlers.BaseDocumentLifeCycleHandler.handleOpen(Lorg/eclipse/lsp4j/DidOpenTextDocumentParams;)Lorg/eclipse/jdt/core/ICompilationUnit;+144
j  org.eclipse.jdt.ls.core.internal.handlers.BaseDocumentLifeCycleHandler$5.run(Lorg/eclipse/core/runtime/IProgressMonitor;)V+8
j  org.eclipse.core.internal.resources.Workspace.run(Lorg/eclipse/core/runtime/ICoreRunnable;Lorg/eclipse/core/runtime/jobs/ISchedulingRule;ILorg/eclipse/core/runtime/IProgressMonitor;)V+69
j  org.eclipse.core.internal.resources.Workspace.run(Lorg/eclipse/core/resources/IWorkspaceRunnable;Lorg/eclipse/core/runtime/jobs/ISchedulingRule;ILorg/eclipse/core/runtime/IProgressMonitor;)V+6
j  org.eclipse.jdt.ls.core.internal.handlers.BaseDocumentLifeCycleHandler.didOpen(Lorg/eclipse/lsp4j/DidOpenTextDocumentParams;)V+32
j  org.eclipse.jdt.ls.core.internal.syntaxserver.SyntaxLanguageServer.didOpen(Lorg/eclipse/lsp4j/DidOpenTextDocumentParams;)V+11
v  ~StubRoutines::call_stub
j  jdk.internal.reflect.NativeMethodAccessorImpl.invoke0(Ljava/lang/reflect/Method;Ljava/lang/Object;[Ljava/lang/Object;)Ljava/lang/Object;+0 java.base@11.0.8
j  jdk.internal.reflect.NativeMethodAccessorImpl.invoke(Ljava/lang/Object;[Ljava/lang/Object;)Ljava/lang/Object;+100 java.base@11.0.8
J 906 c1 jdk.internal.reflect.DelegatingMethodAccessorImpl.invoke(Ljava/lang/Object;[Ljava/lang/Object;)Ljava/lang/Object; java.base@11.0.8 (10 bytes) @ 0x0000000119aafccc [0x0000000119aafbc0+0x000000000000010c]
J 905 c1 java.lang.reflect.Method.invoke(Ljava/lang/Object;[Ljava/lang/Object;)Ljava/lang/Object; java.base@11.0.8 (65 bytes) @ 0x0000000119aaf764 [0x0000000119aaf420+0x0000000000000344]
j  org.eclipse.lsp4j.jsonrpc.services.GenericEndpoint.lambda$null$0(Lorg/eclipse/lsp4j/jsonrpc/services/AnnotationUtil$MethodInfo;Ljava/lang/Object;Ljava/lang/Object;)Ljava/util/concurrent/CompletableFuture;+20
j  org.eclipse.lsp4j.jsonrpc.services.GenericEndpoint$$Lambda$137.apply(Ljava/lang/Object;)Ljava/lang/Object;+13
j  org.eclipse.lsp4j.jsonrpc.services.GenericEndpoint.notify(Ljava/lang/String;Ljava/lang/Object;)V+18
j  org.eclipse.lsp4j.jsonrpc.RemoteEndpoint.handleNotification(Lorg/eclipse/lsp4j/jsonrpc/messages/NotificationMessage;)V+20
j  org.eclipse.lsp4j.jsonrpc.RemoteEndpoint.consume(Lorg/eclipse/lsp4j/jsonrpc/messages/Message;)V+14
j  org.eclipse.jdt.ls.core.internal.ParentProcessWatcher.lambda$0(Lorg/eclipse/lsp4j/jsonrpc/MessageConsumer;Lorg/eclipse/lsp4j/jsonrpc/messages/Message;)V+9
j  org.eclipse.jdt.ls.core.internal.ParentProcessWatcher$$Lambda$133.consume(Lorg/eclipse/lsp4j/jsonrpc/messages/Message;)V+9
j  org.eclipse.lsp4j.jsonrpc.json.StreamMessageProducer.handleMessage(Ljava/io/InputStream;Lorg/eclipse/lsp4j/jsonrpc/json/StreamMessageProducer$Headers;)Z+99
j  org.eclipse.lsp4j.jsonrpc.json.StreamMessageProducer.listen(Lorg/eclipse/lsp4j/jsonrpc/MessageConsumer;)V+158
j  org.eclipse.lsp4j.jsonrpc.json.ConcurrentMessageProcessor.run()V+12
j  java.util.concurrent.Executors$RunnableAdapter.call()Ljava/lang/Object;+4 java.base@11.0.8
j  java.util.concurrent.FutureTask.run()V+39 java.base@11.0.8
j  java.util.concurrent.ThreadPoolExecutor.runWorker(Ljava/util/concurrent/ThreadPoolExecutor$Worker;)V+92 java.base@11.0.8
j  java.util.concurrent.ThreadPoolExecutor$Worker.run()V+5 java.base@11.0.8
j  java.lang.Thread.run()V+11 java.base@11.0.8
v  ~StubRoutines::call_stub

siginfo: si_signo: 10 (SIGBUS), si_code: 2 (BUS_ADRERR), si_addr: 0x00000007ecb68ef4

Register to memory mapping:

RAX=0x000000010bb33789: UseCompressedClassPointers+0 in /Applications/Android Studio.app/Contents/jre/jdk/Contents/Home/lib/server/libjvm.dylib at 0x000000010b200000
RBX=0x00007f88320c4800 is a thread
RCX=0x0 is NULL
RDX=0x00007f8834c00000 points into unknown readable memory: 00 00 50 31 88 7f 00 00
RSP=0x000070000d43df90 is pointing into the stack for thread: 0x00007f88320c4800
RBP=0x000070000d43e040 is pointing into the stack for thread: 0x00007f88320c4800
RSI=0x0000000000000800 is an unknown value
RDI=0x0000000000000967 is an unknown value
R8 =0x000000000000965c is an unknown value
R9 =0x000000000000966b is an unknown value
R10=0x00000000fffff800 is an unknown value
R11=0x0 is NULL
R12=0x000070000d43df90 is pointing into the stack for thread: 0x00007f88320c4800
R13=0x00000007ecb68ee8 is an unallocated location in the heap
R14=0x000070000d43dfe8 is pointing into the stack for thread: 0x00007f88320c4800
R15=0x0 is NULL


Registers:
RAX=0x000000010bb33789, RBX=0x00007f88320c4800, RCX=0x0000000000000000, RDX=0x00007f8834c00000
RSP=0x000070000d43df90, RBP=0x000070000d43e040, RSI=0x0000000000000800, RDI=0x0000000000000967
R8 =0x000000000000965c, R9 =0x000000000000966b, R10=0x00000000fffff800, R11=0x0000000000000000
R12=0x000070000d43df90, R13=0x00000007ecb68ee8, R14=0x000070000d43dfe8, R15=0x0000000000000000
RIP=0x000000010b592b50, EFLAGS=0x0000000000010202, ERR=0x0000000000000004
  TRAPNO=0x000000000000000e

Top of Stack: (sp=0x000070000d43df90)
0x000070000d43df90:   000000010bae16d8 0000005000000000
0x000070000d43dfa0:   0000000000000000 0000000000000000
0x000070000d43dfb0:   0000000000000000 0000000000000000
0x000070000d43dfc0:   0000000000000000 00007f8834c9a630
0x000070000d43dfd0:   0000000000000000 0000000000000100
0x000070000d43dfe0:   00007f88320c4800 00007f8834c415c0
0x000070000d43dff0:   00007f88353158c0 00007f88353158d0
0x000070000d43e000:   00007f8835315ca8 00000000000003d8
0x000070000d43e010:   00007f88320c4800 0000000000000000
0x000070000d43e020:   0000000000000000 000000011631af5d
0x000070000d43e030:   000070000d43e120 00007f88320c4800
0x000070000d43e040:   000070000d43e0a0 00000001193d1af9
0x000070000d43e050:   00000001193d1ab1 000070000d43e058
0x000070000d43e060:   000000011631af5d 000070000d43e120
0x000070000d43e070:   0000000116335580 0000000000000000
0x000070000d43e080:   00000007c06a9460 000000011631bf70
0x000070000d43e090:   0000000000000000 000070000d43e120
0x000070000d43e0a0:   000070000d43e170 00000001193cd600
0x000070000d43e0b0:   0000000000000000 0000000000000000
0x000070000d43e0c0:   0000000000000000 0000000000000000
0x000070000d43e0d0:   0000000000000000 0000000000000000
0x000070000d43e0e0:   0000000000000000 0000000000000000
0x000070000d43e0f0:   0000000000000000 0000000000000000
0x000070000d43e100:   0000000000000000 0000000000000000
0x000070000d43e110:   0000000000000000 0000000000000000
0x000070000d43e120:   00000007c14cab58 000070000d43e128
0x000070000d43e130:   000000011631adbf 000070000d43e188
0x000070000d43e140:   0000000116335580 0000000000000000
0x000070000d43e150:   00000007c06a9460 000000011631ae70
0x000070000d43e160:   000070000d43e120 000070000d43e188
0x000070000d43e170:   000070000d43e1d8 00000001193cd600
0x000070000d43e180:   0000000000000000 00000007c14cab58 

Instructions: (pc=0x000000010b592b50)
0x000000010b592a50:   03 4c 8b 20 4c 89 a3 80 03 00 00 4d 85 f6 74 08
0x000000010b592a60:   4c 89 f7 e8 6e cf 32 00 48 8d 7d b0 e8 ef 22 18
0x000000010b592a70:   00 48 8b 9b f0 00 00 00 4c 8b 73 08 48 8b 43 10
0x000000010b592a80:   48 83 38 00 74 19 48 8b 73 28 4c 89 f7 e8 80 5b
0x000000010b592a90:   d5 ff 48 8b 7b 10 e8 3f 5a d5 ff 48 8b 43 10 49
0x000000010b592aa0:   89 46 10 48 8b 43 18 49 89 46 18 48 8b 43 20 49
0x000000010b592ab0:   89 46 20 48 8d 7d d8 e8 88 37 e0 ff 48 83 c4 30
0x000000010b592ac0:   5b 41 5c 41 5e 41 5f 5d c3 90 55 48 89 e5 41 57
0x000000010b592ad0:   41 56 41 55 41 54 53 48 81 ec 88 00 00 00 41 89
0x000000010b592ae0:   d7 49 89 f5 48 89 fb 48 89 7d d0 c7 87 b8 03 00
0x000000010b592af0:   00 06 00 00 00 be 03 00 00 00 48 89 fa e8 90 fa
0x000000010b592b00:   ff ff 48 83 7b 08 00 0f 85 9c 00 00 00 48 8b 83
0x000000010b592b10:   70 02 00 00 4c 8d 75 a8 49 89 06 0f 10 40 10 41
0x000000010b592b20:   0f 11 46 08 0f 10 40 20 41 0f 11 46 18 4c 8d a5
0x000000010b592b30:   50 ff ff ff be 00 01 00 00 4c 89 e7 e8 79 8c 26
0x000000010b592b40:   00 48 8d 05 41 0c 5a 00 31 c9 80 38 00 0f 94 c1
0x000000010b592b50:   41 8b 4c 8d 0c 48 8d 35 33 a7 3e 00 31 c0 4c 89
0x000000010b592b60:   e7 44 89 fa e8 6d 85 26 00 48 8d 05 f0 bc 5c 00
0x000000010b592b70:   4c 8b b8 78 03 00 00 4c 89 e7 e8 35 8e 26 00 48
0x000000010b592b80:   8d 35 26 dd 40 00 ba cb 01 00 00 48 89 df 4c 89
0x000000010b592b90:   f9 49 89 c0 e8 af a7 f4 ff 4c 89 e7 e8 75 8e 26
0x000000010b592ba0:   00 4c 89 f7 e8 b7 21 18 00 48 8b 9b f0 00 00 00
0x000000010b592bb0:   4c 8b 73 08 48 8b 43 10 48 83 38 00 74 19 48 8b
0x000000010b592bc0:   73 28 4c 89 f7 e8 48 5a d5 ff 48 8b 7b 10 e8 07
0x000000010b592bd0:   59 d5 ff 48 8b 43 10 49 89 46 10 48 8b 43 18 49
0x000000010b592be0:   89 46 18 48 8b 43 20 49 89 46 20 48 8d 7d d0 e8
0x000000010b592bf0:   50 36 e0 ff 48 81 c4 88 00 00 00 5b 41 5c 41 5d
0x000000010b592c00:   41 5e 41 5f 5d c3 55 48 89 e5 41 56 53 48 83 ec
0x000000010b592c10:   30 48 89 fb 48 89 7d e8 c7 87 b8 03 00 00 06 00
0x000000010b592c20:   00 00 48 8b 87 70 02 00 00 48 89 45 c0 0f 10 40
0x000000010b592c30:   10 0f 11 45 c8 0f 10 40 20 0f 11 45 d8 48 8d 05
0x000000010b592c40:   45 0b 5a 00 80 38 00 74 15 8b 76 08 48 8d 05 55 


Stack slot to memory mapping:
stack at sp + 0 slots: 0x000000010bae16d8: _ZTV12stringStream+0x10 in /Applications/Android Studio.app/Contents/jre/jdk/Contents/Home/lib/server/libjvm.dylib at 0x000000010b200000
stack at sp + 1 slots: 0x0000005000000000 is an unknown value
stack at sp + 2 slots: 0x0 is NULL
stack at sp + 3 slots: 0x0 is NULL
stack at sp + 4 slots: 0x0 is NULL
stack at sp + 5 slots: 0x0 is NULL
stack at sp + 6 slots: 0x0 is NULL
stack at sp + 7 slots: 0x00007f8834c9a630 points into unknown readable memory: 00 00 00 00 00 00 00 50


---------------  P R O C E S S  ---------------

Threads class SMR info:
_java_thread_list=0x00007f883533c460, length=22, elements={
0x00007f8833809000, 0x00007f8831809800, 0x00007f883180c800, 0x00007f8832040000,
0x00007f883281a000, 0x00007f8832812800, 0x00007f8832815800, 0x00007f8833843000,
0x00007f8833824800, 0x00007f8832851000, 0x00007f88328c0800, 0x00007f8832944800,
0x00007f883205b000, 0x00007f8832ccd800, 0x00007f8832cfe000, 0x00007f8832d12800,
0x00007f8832d13800, 0x00007f8831b32800, 0x00007f8833c71800, 0x00007f88320c4800,
0x00007f8833c8a800, 0x00007f8831b8e000
}

Java Threads: ( => current thread )
  0x00007f8833809000 JavaThread "main" [_thread_blocked, id=6147, stack(0x000070000b845000,0x000070000b945000)]
  0x00007f8831809800 JavaThread "Reference Handler" daemon [_thread_blocked, id=19203, stack(0x000070000bb4e000,0x000070000bc4e000)]
  0x00007f883180c800 JavaThread "Finalizer" daemon [_thread_blocked, id=12035, stack(0x000070000bc51000,0x000070000bd51000)]
  0x00007f8832040000 JavaThread "Signal Dispatcher" daemon [_thread_blocked, id=16131, stack(0x000070000be5a000,0x000070000bf5a000)]
  0x00007f883281a000 JavaThread "C2 CompilerThread0" daemon [_thread_in_native, id=15875, stack(0x000070000bf5d000,0x000070000c05d000)]
  0x00007f8832812800 JavaThread "C1 CompilerThread0" daemon [_thread_blocked, id=15363, stack(0x000070000c060000,0x000070000c160000)]
  0x00007f8832815800 JavaThread "Sweeper thread" daemon [_thread_blocked, id=14851, stack(0x000070000c163000,0x000070000c263000)]
  0x00007f8833843000 JavaThread "Common-Cleaner" daemon [_thread_blocked, id=14339, stack(0x000070000c266000,0x000070000c366000)]
  0x00007f8833824800 JavaThread "Service Thread" daemon [_thread_blocked, id=22787, stack(0x000070000c46c000,0x000070000c56c000)]
  0x00007f8832851000 JavaThread "process reaper" daemon [_thread_blocked, id=23555, stack(0x000070000c672000,0x000070000c696000)]
  0x00007f88328c0800 JavaThread "Active Thread: Equinox Container: 802d530f-0c59-47f7-a068-4ac6306b4bc5" [_thread_blocked, id=42499, stack(0x000070000c699000,0x000070000c799000)]
  0x00007f8832944800 JavaThread "Framework Event Dispatcher: Equinox Container: 802d530f-0c59-47f7-a068-4ac6306b4bc5" daemon [_thread_blocked, id=24323, stack(0x000070000c79c000,0x000070000c89c000)]
  0x00007f883205b000 JavaThread "Start Level: Equinox Container: 802d530f-0c59-47f7-a068-4ac6306b4bc5" daemon [_thread_blocked, id=24835, stack(0x000070000c89f000,0x000070000c99f000)]
  0x00007f8832ccd800 JavaThread "SCR Component Actor" daemon [_thread_blocked, id=28935, stack(0x000070000ca25000,0x000070000cb25000)]
  0x00007f8832cfe000 JavaThread "Timer-0" daemon [_thread_blocked, id=86315, stack(0x000070000ce31000,0x000070000cf31000)]
  0x00007f8832d12800 JavaThread "Worker-JM" [_thread_blocked, id=85507, stack(0x000070000cf34000,0x000070000d034000)]
  0x00007f8832d13800 JavaThread "Worker-0" [_thread_blocked, id=85251, stack(0x000070000d037000,0x000070000d137000)]
  0x00007f8831b32800 JavaThread "Worker-1" [_thread_blocked, id=84995, stack(0x000070000d13a000,0x000070000d23a000)]
  0x00007f8833c71800 JavaThread "pool-2-thread-1" [_thread_blocked, id=84487, stack(0x000070000d23d000,0x000070000d33d000)]
=>0x00007f88320c4800 JavaThread "pool-1-thread-1" [_thread_in_vm, id=46595, stack(0x000070000d340000,0x000070000d440000)]
  0x00007f8833c8a800 JavaThread "Worker-2" [_thread_blocked, id=82959, stack(0x000070000c369000,0x000070000c469000)]
  0x00007f8831b8e000 JavaThread "C2 CompilerThread1" daemon [_thread_in_vm, id=47631, stack(0x000070000d443000,0x000070000d543000)]

Other Threads:
  0x00007f8832812000 VMThread "VM Thread" [stack: 0x000070000ba4b000,0x000070000bb4b000] [id=19715]
  0x00007f8832067000 WatcherThread [stack: 0x000070000c56f000,0x000070000c66f000] [id=43011]
  0x00007f8833809800 GCTaskThread "ParGC Thread#0" [stack: 0x000070000b948000,0x000070000ba48000] [id=11011]
  0x00007f8832ce5800 GCTaskThread "ParGC Thread#1" [stack: 0x000070000cb28000,0x000070000cc28000] [id=37967]
  0x00007f8832ce6800 GCTaskThread "ParGC Thread#2" [stack: 0x000070000cc2b000,0x000070000cd2b000] [id=30979]
  0x00007f8832ce7000 GCTaskThread "ParGC Thread#3" [stack: 0x000070000cd2e000,0x000070000ce2e000] [id=37123]

Threads with active compile tasks:
C2 CompilerThread0   3820 2961       4       org.eclipse.jdt.internal.core.JarPackageFragmentRoot::initRawPackageInfo (349 bytes)
C2 CompilerThread1   3820 2948       4       jdk.internal.jrtfs.JrtPath::getName (116 bytes)

VM state:not at safepoint (normal execution)

VM Mutex/Monitor currently owned by a thread: None

Heap address: 0x00000007c0000000, size: 1024 MB, Compressed Oops mode: Zero based, Oop shift amount: 3
Narrow klass base: 0x0000000800000000, Narrow klass shift: 0
Compressed class space size: 1073741824 Address: 0x0000000800000000

Heap:
 PSYoungGen      total 23040K, used 0K [0x00000007eab00000, 0x00000007eca00000, 0x0000000800000000)
  eden space 22528K, 0% used [0x00000007eab00000,0x00000007eab00000,0x00000007ec100000)
  from space 512K, 0% used [0x00000007ec480000,0x00000007ec480000,0x00000007ec500000)
  to   space 2048K, 0% used [0x00000007ec800000,0x00000007ec800000,0x00000007eca00000)
 ParOldGen       total 68608K, used 21373K [0x00000007c0000000, 0x00000007c4300000, 0x00000007eab00000)
  object space 68608K, 31% used [0x00000007c0000000,0x00000007c14df480,0x00000007c4300000)
 Metaspace       used 33388K, capacity 35306K, committed 35416K, reserved 1081344K
  class space    used 3201K, capacity 3884K, committed 3968K, reserved 1048576K

Card table byte_map: [0x000000010f93e000,0x000000010fb3f000] _byte_map_base: 0x000000010bb3e000

Marking Bits: (ParMarkBitMap*) 0x000000010bb45af0
 Begin Bits: [0x000000010fc95000, 0x0000000110c95000)
 End Bits:   [0x0000000110c95000, 0x0000000111c95000)

Polling page: 0x000000010a88d000

Metaspace:

Usage:
  Non-class:     30.69 MB capacity,    29.48 MB ( 96%) used,     1.14 MB (  4%) free+waste,    69.75 KB ( <1%) overhead. 
      Class:      3.79 MB capacity,     3.13 MB ( 82%) used,   649.30 KB ( 17%) free+waste,    33.44 KB ( <1%) overhead. 
       Both:     34.48 MB capacity,    32.61 MB ( 95%) used,     1.77 MB (  5%) free+waste,   103.19 KB ( <1%) overhead. 

Virtual space:
  Non-class space:       32.00 MB reserved,      30.71 MB ( 96%) committed 
      Class space:        1.00 GB reserved,       3.88 MB ( <1%) committed 
             Both:        1.03 GB reserved,      34.59 MB (  3%) committed 

Chunk freelists:
   Non-Class:  2.00 KB
       Class:  20.00 KB
        Both:  22.00 KB

MaxMetaspaceSize: unlimited
CompressedClassSpaceSize: 1.00 GB

CodeHeap 'non-profiled nmethods': size=120032Kb used=1097Kb max_used=1097Kb free=118934Kb
 bounds [0x0000000120e8c000, 0x00000001210fc000, 0x00000001283c4000]
CodeHeap 'profiled nmethods': size=120032Kb used=5802Kb max_used=5802Kb free=114229Kb
 bounds [0x0000000119954000, 0x0000000119f14000, 0x0000000120e8c000]
CodeHeap 'non-nmethods': size=5696Kb used=1173Kb max_used=1198Kb free=4522Kb
 bounds [0x00000001193c4000, 0x0000000119634000, 0x0000000119954000]
 total_blobs=3424 nmethods=2889 adapters=449
 compilation: enabled
              stopped_count=0, restarted_count=0
 full_count=0

Compilation events (20 events):
Event: 3.667 Thread 0x00007f8831b8e000 nmethod 3022 0x0000000120f9a710 code [0x0000000120f9a8a0, 0x0000000120f9a938]
Event: 3.667 Thread 0x00007f8831b8e000 3048       4       org.eclipse.jdt.internal.core.JrtPackageFragmentRoot::hashCode (41 bytes)
Event: 3.673 Thread 0x00007f8832812800 3170       2       java.lang.Integer::toString (55 bytes)
Event: 3.673 Thread 0x00007f8832812800 nmethod 3170 0x0000000119a6f990 code [0x0000000119a6fb60, 0x0000000119a6fdb0]
Event: 3.674 Thread 0x00007f8831b8e000 nmethod 3048 0x0000000120f9aa10 code [0x0000000120f9abc0, 0x0000000120f9af78]
Event: 3.674 Thread 0x00007f8831b8e000 3049       4       org.eclipse.jdt.internal.core.ClasspathAttribute::hashCode (18 bytes)
Event: 3.675 Thread 0x00007f8832812800 3171 % !   3       org.eclipse.jdt.internal.compiler.parser.Parser::readTable @ 101 (145 bytes)
Event: 3.682 Thread 0x00007f8832812800 nmethod 3171% 0x0000000119d30d10 code [0x0000000119d310a0, 0x0000000119d32a00]
Event: 3.684 Thread 0x00007f8832812800 3173 %     3       java.util.Properties::load0 @ 29 (249 bytes)
Event: 3.685 Thread 0x00007f8832812800 nmethod 3173% 0x0000000119a6e810 code [0x0000000119a6ea80, 0x0000000119a6f5e0]
Event: 3.685 Thread 0x00007f8832812800 3174 % !   3       java.util.concurrent.ConcurrentHashMap::transfer @ 96 (828 bytes)
Event: 3.687 Thread 0x00007f8831b8e000 nmethod 3049 0x0000000120f9b210 code [0x0000000120f9b3c0, 0x0000000120f9b6d8]
Event: 3.687 Thread 0x00007f8831b8e000 3172       4       java.util.Properties$LineReader::readLine (635 bytes)
Event: 3.688 Thread 0x00007f8832812800 nmethod 3174% 0x0000000119eff090 code [0x0000000119eff4c0, 0x0000000119f02450]
Event: 3.688 Thread 0x00007f8832812800 3175 %     3       org.eclipse.jdt.internal.compiler.parser.Parser::computeReverseTable @ 51 (92 bytes)
Event: 3.688 Thread 0x00007f8832812800 nmethod 3175% 0x0000000119c9f810 code [0x0000000119c9fa00, 0x0000000119c9ffd0]
Event: 3.688 Thread 0x00007f8832812800 3176       3       org.eclipse.jdt.internal.compiler.parser.Parser::computeReverseTable (92 bytes)
Event: 3.689 Thread 0x00007f8832812800 nmethod 3176 0x0000000119c9ef10 code [0x0000000119c9f100, 0x0000000119c9f5f0]
Event: 3.689 Thread 0x00007f8832812800 3177   !   3       org.eclipse.jdt.internal.compiler.parser.Parser::readTable (145 bytes)
Event: 3.690 Thread 0x00007f8832812800 nmethod 3177 0x0000000119f03c10 code [0x0000000119f03fa0, 0x0000000119f05860]

GC Heap History (20 events):
Event: 2.243 GC heap before
{Heap before GC invocations=4 (full 1):
 PSYoungGen      total 29696K, used 25600K [0x00000007eab00000, 0x00000007ecc00000, 0x0000000800000000)
  eden space 25600K, 100% used [0x00000007eab00000,0x00000007ec400000,0x00000007ec400000)
  from space 4096K, 0% used [0x00000007ec800000,0x00000007ec800000,0x00000007ecc00000)
  to   space 4096K, 0% used [0x00000007ec400000,0x00000007ec400000,0x00000007ec800000)
 ParOldGen       total 68608K, used 6323K [0x00000007c0000000, 0x00000007c4300000, 0x00000007eab00000)
  object space 68608K, 9% used [0x00000007c0000000,0x00000007c062ccb0,0x00000007c4300000)
 Metaspace       used 26685K, capacity 28327K, committed 28544K, reserved 1075200K
  class space    used 2564K, capacity 3179K, committed 3200K, reserved 1048576K
}
Event: 2.245 GC heap after
{Heap after GC invocations=4 (full 1):
 PSYoungGen      total 29696K, used 2204K [0x00000007eab00000, 0x00000007ecc00000, 0x0000000800000000)
  eden space 25600K, 0% used [0x00000007eab00000,0x00000007eab00000,0x00000007ec400000)
  from space 4096K, 53% used [0x00000007ec400000,0x00000007ec627250,0x00000007ec800000)
  to   space 4096K, 0% used [0x00000007ec800000,0x00000007ec800000,0x00000007ecc00000)
 ParOldGen       total 68608K, used 6339K [0x00000007c0000000, 0x00000007c4300000, 0x00000007eab00000)
  object space 68608K, 9% used [0x00000007c0000000,0x00000007c0630cc8,0x00000007c4300000)
 Metaspace       used 26685K, capacity 28327K, committed 28544K, reserved 1075200K
  class space    used 2564K, capacity 3179K, committed 3200K, reserved 1048576K
}
Event: 3.088 GC heap before
{Heap before GC invocations=5 (full 1):
 PSYoungGen      total 29696K, used 27804K [0x00000007eab00000, 0x00000007ecc00000, 0x0000000800000000)
  eden space 25600K, 100% used [0x00000007eab00000,0x00000007ec400000,0x00000007ec400000)
  from space 4096K, 53% used [0x00000007ec400000,0x00000007ec627250,0x00000007ec800000)
  to   space 4096K, 0% used [0x00000007ec800000,0x00000007ec800000,0x00000007ecc00000)
 ParOldGen       total 68608K, used 6339K [0x00000007c0000000, 0x00000007c4300000, 0x00000007eab00000)
  object space 68608K, 9% used [0x00000007c0000000,0x00000007c0630cc8,0x00000007c4300000)
 Metaspace       used 30978K, capacity 32797K, committed 32896K, reserved 1079296K
  class space    used 3000K, capacity 3666K, committed 3712K, reserved 1048576K
}
Event: 3.091 GC heap after
{Heap after GC invocations=5 (full 1):
 PSYoungGen      total 29696K, used 4076K [0x00000007eab00000, 0x00000007ecc00000, 0x0000000800000000)
  eden space 25600K, 0% used [0x00000007eab00000,0x00000007eab00000,0x00000007ec400000)
  from space 4096K, 99% used [0x00000007ec800000,0x00000007ecbfb030,0x00000007ecc00000)
  to   space 4096K, 0% used [0x00000007ec400000,0x00000007ec400000,0x00000007ec800000)
 ParOldGen       total 68608K, used 6595K [0x00000007c0000000, 0x00000007c4300000, 0x00000007eab00000)
  object space 68608K, 9% used [0x00000007c0000000,0x00000007c0670cc8,0x00000007c4300000)
 Metaspace       used 30978K, capacity 32797K, committed 32896K, reserved 1079296K
  class space    used 3000K, capacity 3666K, committed 3712K, reserved 1048576K
}
Event: 3.197 GC heap before
{Heap before GC invocations=6 (full 1):
 PSYoungGen      total 29696K, used 29676K [0x00000007eab00000, 0x00000007ecc00000, 0x0000000800000000)
  eden space 25600K, 100% used [0x00000007eab00000,0x00000007ec400000,0x00000007ec400000)
  from space 4096K, 99% used [0x00000007ec800000,0x00000007ecbfb030,0x00000007ecc00000)
  to   space 4096K, 0% used [0x00000007ec400000,0x00000007ec400000,0x00000007ec800000)
 ParOldGen       total 68608K, used 6595K [0x00000007c0000000, 0x00000007c4300000, 0x00000007eab00000)
  object space 68608K, 9% used [0x00000007c0000000,0x00000007c0670cc8,0x00000007c4300000)
 Metaspace       used 31153K, capacity 32952K, committed 33152K, reserved 1079296K
  class space    used 3016K, capacity 3675K, committed 3712K, reserved 1048576K
}
Event: 3.202 GC heap after
{Heap after GC invocations=6 (full 1):
 PSYoungGen      total 29184K, used 4087K [0x00000007eab00000, 0x00000007ed080000, 0x0000000800000000)
  eden space 25088K, 0% used [0x00000007eab00000,0x00000007eab00000,0x00000007ec380000)
  from space 4096K, 99% used [0x00000007ec400000,0x00000007ec7fdf48,0x00000007ec800000)
  to   space 6656K, 0% used [0x00000007eca00000,0x00000007eca00000,0x00000007ed080000)
 ParOldGen       total 68608K, used 8599K [0x00000007c0000000, 0x00000007c4300000, 0x00000007eab00000)
  object space 68608K, 12% used [0x00000007c0000000,0x00000007c0865d48,0x00000007c4300000)
 Metaspace       used 31153K, capacity 32952K, committed 33152K, reserved 1079296K
  class space    used 3016K, capacity 3675K, committed 3712K, reserved 1048576K
}
Event: 3.263 GC heap before
{Heap before GC invocations=7 (full 1):
 PSYoungGen      total 29184K, used 29175K [0x00000007eab00000, 0x00000007ed080000, 0x0000000800000000)
  eden space 25088K, 100% used [0x00000007eab00000,0x00000007ec380000,0x00000007ec380000)
  from space 4096K, 99% used [0x00000007ec400000,0x00000007ec7fdf48,0x00000007ec800000)
  to   space 6656K, 0% used [0x00000007eca00000,0x00000007eca00000,0x00000007ed080000)
 ParOldGen       total 68608K, used 8599K [0x00000007c0000000, 0x00000007c4300000, 0x00000007eab00000)
  object space 68608K, 12% used [0x00000007c0000000,0x00000007c0865d48,0x00000007c4300000)
 Metaspace       used 31256K, capacity 33112K, committed 33152K, reserved 1079296K
  class space    used 3022K, capacity 3707K, committed 3712K, reserved 1048576K
}
Event: 3.268 GC heap after
{Heap after GC invocations=7 (full 1):
 PSYoungGen      total 30720K, used 6125K [0x00000007eab00000, 0x00000007ed000000, 0x0000000800000000)
  eden space 24576K, 0% used [0x00000007eab00000,0x00000007eab00000,0x00000007ec300000)
  from space 6144K, 99% used [0x00000007eca00000,0x00000007ecffb6a0,0x00000007ed000000)
  to   space 6656K, 0% used [0x00000007ec300000,0x00000007ec300000,0x00000007ec980000)
 ParOldGen       total 68608K, used 8607K [0x00000007c0000000, 0x00000007c4300000, 0x00000007eab00000)
  object space 68608K, 12% used [0x00000007c0000000,0x00000007c0867d48,0x00000007c4300000)
 Metaspace       used 31256K, capacity 33112K, committed 33152K, reserved 1079296K
  class space    used 3022K, capacity 3707K, committed 3712K, reserved 1048576K
}
Event: 3.317 GC heap before
{Heap before GC invocations=8 (full 1):
 PSYoungGen      total 30720K, used 30701K [0x00000007eab00000, 0x00000007ed000000, 0x0000000800000000)
  eden space 24576K, 100% used [0x00000007eab00000,0x00000007ec300000,0x00000007ec300000)
  from space 6144K, 99% used [0x00000007eca00000,0x00000007ecffb6a0,0x00000007ed000000)
  to   space 6656K, 0% used [0x00000007ec300000,0x00000007ec300000,0x00000007ec980000)
 ParOldGen       total 68608K, used 8607K [0x00000007c0000000, 0x00000007c4300000, 0x00000007eab00000)
  object space 68608K, 12% used [0x00000007c0000000,0x00000007c0867d48,0x00000007c4300000)
 Metaspace       used 31338K, capacity 33176K, committed 33408K, reserved 1079296K
  class space    used 3029K, capacity 3707K, committed 3712K, reserved 1048576K
}
Event: 3.323 GC heap after
{Heap after GC invocations=8 (full 1):
 PSYoungGen      total 30720K, used 6626K [0x00000007eab00000, 0x00000007ed480000, 0x0000000800000000)
  eden space 24064K, 0% used [0x00000007eab00000,0x00000007eab00000,0x00000007ec280000)
  from space 6656K, 99% used [0x00000007ec300000,0x00000007ec978a60,0x00000007ec980000)
  to   space 9216K, 0% used [0x00000007ecb80000,0x00000007ecb80000,0x00000007ed480000)
 ParOldGen       total 68608K, used 10562K [0x00000007c0000000, 0x00000007c4300000, 0x00000007eab00000)
  object space 68608K, 15% used [0x00000007c0000000,0x00000007c0a509b8,0x00000007c4300000)
 Metaspace       used 31338K, capacity 33176K, committed 33408K, reserved 1079296K
  class space    used 3029K, capacity 3707K, committed 3712K, reserved 1048576K
}
Event: 3.363 GC heap before
{Heap before GC invocations=9 (full 1):
 PSYoungGen      total 30720K, used 30690K [0x00000007eab00000, 0x00000007ed480000, 0x0000000800000000)
  eden space 24064K, 100% used [0x00000007eab00000,0x00000007ec280000,0x00000007ec280000)
  from space 6656K, 99% used [0x00000007ec300000,0x00000007ec978a60,0x00000007ec980000)
  to   space 9216K, 0% used [0x00000007ecb80000,0x00000007ecb80000,0x00000007ed480000)
 ParOldGen       total 68608K, used 10562K [0x00000007c0000000, 0x00000007c4300000, 0x00000007eab00000)
  object space 68608K, 15% used [0x00000007c0000000,0x00000007c0a509b8,0x00000007c4300000)
 Metaspace       used 31338K, capacity 33176K, committed 33408K, reserved 1079296K
  class space    used 3029K, capacity 3707K, committed 3712K, reserved 1048576K
}
Event: 3.369 GC heap after
{Heap after GC invocations=9 (full 1):
 PSYoungGen      total 30720K, used 6738K [0x00000007eab00000, 0x00000007ed280000, 0x0000000800000000)
  eden space 23552K, 0% used [0x00000007eab00000,0x00000007eab00000,0x00000007ec200000)
  from space 7168K, 94% used [0x00000007ecb80000,0x00000007ed214b38,0x00000007ed280000)
  to   space 7680K, 0% used [0x00000007ec380000,0x00000007ec380000,0x00000007ecb00000)
 ParOldGen       total 68608K, used 12548K [0x00000007c0000000, 0x00000007c4300000, 0x00000007eab00000)
  object space 68608K, 18% used [0x00000007c0000000,0x00000007c0c41390,0x00000007c4300000)
 Metaspace       used 31338K, capacity 33176K, committed 33408K, reserved 1079296K
  class space    used 3029K, capacity 3707K, committed 3712K, reserved 1048576K
}
Event: 3.426 GC heap before
{Heap before GC invocations=10 (full 1):
 PSYoungGen      total 30720K, used 30290K [0x00000007eab00000, 0x00000007ed280000, 0x0000000800000000)
  eden space 23552K, 100% used [0x00000007eab00000,0x00000007ec200000,0x00000007ec200000)
  from space 7168K, 94% used [0x00000007ecb80000,0x00000007ed214b38,0x00000007ed280000)
  to   space 7680K, 0% used [0x00000007ec380000,0x00000007ec380000,0x00000007ecb00000)
 ParOldGen       total 68608K, used 12548K [0x00000007c0000000, 0x00000007c4300000, 0x00000007eab00000)
  object space 68608K, 18% used [0x00000007c0000000,0x00000007c0c41390,0x00000007c4300000)
 Metaspace       used 31343K, capacity 33176K, committed 33408K, reserved 1079296K
  class space    used 3029K, capacity 3707K, committed 3712K, reserved 1048576K
}
Event: 3.433 GC heap after
{Heap after GC invocations=10 (full 1):
 PSYoungGen      total 29184K, used 5888K [0x00000007eab00000, 0x00000007ece80000, 0x0000000800000000)
  eden space 23040K, 0% used [0x00000007eab00000,0x00000007eab00000,0x00000007ec180000)
  from space 6144K, 95% used [0x00000007ec380000,0x00000007ec940020,0x00000007ec980000)
  to   space 5120K, 0% used [0x00000007ec980000,0x00000007ec980000,0x00000007ece80000)
 ParOldGen       total 68608K, used 15335K [0x00000007c0000000, 0x00000007c4300000, 0x00000007eab00000)
  object space 68608K, 22% used [0x00000007c0000000,0x00000007c0ef9ea8,0x00000007c4300000)
 Metaspace       used 31343K, capacity 33176K, committed 33408K, reserved 1079296K
  class space    used 3029K, capacity 3707K, committed 3712K, reserved 1048576K
}
Event: 3.676 GC heap before
{Heap before GC invocations=11 (full 1):
 PSYoungGen      total 29184K, used 28928K [0x00000007eab00000, 0x00000007ece80000, 0x0000000800000000)
  eden space 23040K, 100% used [0x00000007eab00000,0x00000007ec180000,0x00000007ec180000)
  from space 6144K, 95% used [0x00000007ec380000,0x00000007ec940020,0x00000007ec980000)
  to   space 5120K, 0% used [0x00000007ec980000,0x00000007ec980000,0x00000007ece80000)
 ParOldGen       total 68608K, used 15335K [0x00000007c0000000, 0x00000007c4300000, 0x00000007eab00000)
  object space 68608K, 22% used [0x00000007c0000000,0x00000007c0ef9ea8,0x00000007c4300000)
 Metaspace       used 32564K, capacity 34506K, committed 34560K, reserved 1079296K
  class space    used 3126K, capacity 3788K, committed 3840K, reserved 1048576K
}
Event: 3.681 GC heap after
{Heap after GC invocations=11 (full 1):
 PSYoungGen      total 26624K, used 3659K [0x00000007eab00000, 0x00000007ecd80000, 0x0000000800000000)
  eden space 22528K, 0% used [0x00000007eab00000,0x00000007eab00000,0x00000007ec100000)
  from space 4096K, 89% used [0x00000007ec980000,0x00000007ecd12eb0,0x00000007ecd80000)
  to   space 4608K, 0% used [0x00000007ec480000,0x00000007ec480000,0x00000007ec900000)
 ParOldGen       total 68608K, used 19057K [0x00000007c0000000, 0x00000007c4300000, 0x00000007eab00000)
  object space 68608K, 27% used [0x00000007c0000000,0x00000007c129c578,0x00000007c4300000)
 Metaspace       used 32564K, capacity 34506K, committed 34560K, reserved 1079296K
  class space    used 3126K, capacity 3788K, committed 3840K, reserved 1048576K
}
Event: 3.713 GC heap before
{Heap before GC invocations=12 (full 1):
 PSYoungGen      total 26624K, used 5456K [0x00000007eab00000, 0x00000007ecd80000, 0x0000000800000000)
  eden space 22528K, 7% used [0x00000007eab00000,0x00000007eacc1218,0x00000007ec100000)
  from space 4096K, 89% used [0x00000007ec980000,0x00000007ecd12eb0,0x00000007ecd80000)
  to   space 4608K, 0% used [0x00000007ec480000,0x00000007ec480000,0x00000007ec900000)
 ParOldGen       total 68608K, used 19057K [0x00000007c0000000, 0x00000007c4300000, 0x00000007eab00000)
  object space 68608K, 27% used [0x00000007c0000000,0x00000007c129c578,0x00000007c4300000)
 Metaspace       used 33388K, capacity 35306K, committed 35416K, reserved 1081344K
  class space    used 3201K, capacity 3884K, committed 3968K, reserved 1048576K
}
Event: 3.717 GC heap after
{Heap after GC invocations=12 (full 1):
 PSYoungGen      total 23040K, used 128K [0x00000007eab00000, 0x00000007eca00000, 0x0000000800000000)
  eden space 22528K, 0% used [0x00000007eab00000,0x00000007eab00000,0x00000007ec100000)
  from space 512K, 25% used [0x00000007ec480000,0x00000007ec4a0000,0x00000007ec500000)
  to   space 2048K, 0% used [0x00000007ec800000,0x00000007ec800000,0x00000007eca00000)
 ParOldGen       total 68608K, used 22554K [0x00000007c0000000, 0x00000007c4300000, 0x00000007eab00000)
  object space 68608K, 32% used [0x00000007c0000000,0x00000007c1606918,0x00000007c4300000)
 Metaspace       used 33388K, capacity 35306K, committed 35416K, reserved 1081344K
  class space    used 3201K, capacity 3884K, committed 3968K, reserved 1048576K
}
Event: 3.717 GC heap before
{Heap before GC invocations=13 (full 2):
 PSYoungGen      total 23040K, used 128K [0x00000007eab00000, 0x00000007eca00000, 0x0000000800000000)
  eden space 22528K, 0% used [0x00000007eab00000,0x00000007eab00000,0x00000007ec100000)
  from space 512K, 25% used [0x00000007ec480000,0x00000007ec4a0000,0x00000007ec500000)
  to   space 2048K, 0% used [0x00000007ec800000,0x00000007ec800000,0x00000007eca00000)
 ParOldGen       total 68608K, used 22554K [0x00000007c0000000, 0x00000007c4300000, 0x00000007eab00000)
  object space 68608K, 32% used [0x00000007c0000000,0x00000007c1606918,0x00000007c4300000)
 Metaspace       used 33388K, capacity 35306K, committed 35416K, reserved 1081344K
  class space    used 3201K, capacity 3884K, committed 3968K, reserved 1048576K
}
Event: 3.799 GC heap after
{Heap after GC invocations=13 (full 2):
 PSYoungGen      total 23040K, used 0K [0x00000007eab00000, 0x00000007eca00000, 0x0000000800000000)
  eden space 22528K, 0% used [0x00000007eab00000,0x00000007eab00000,0x00000007ec100000)
  from space 512K, 0% used [0x00000007ec480000,0x00000007ec480000,0x00000007ec500000)
  to   space 2048K, 0% used [0x00000007ec800000,0x00000007ec800000,0x00000007eca00000)
 ParOldGen       total 68608K, used 21373K [0x00000007c0000000, 0x00000007c4300000, 0x00000007eab00000)
  object space 68608K, 31% used [0x00000007c0000000,0x00000007c14df480,0x00000007c4300000)
 Metaspace       used 33388K, capacity 35306K, committed 35416K, reserved 1081344K
  class space    used 3201K, capacity 3884K, committed 3968K, reserved 1048576K
}

Deoptimization events (20 events):
Event: 3.606 Thread 0x00007f88320c4800 DEOPT PACKING pc=0x0000000119d42cd6 sp=0x000070000d43d9a0
Event: 3.606 Thread 0x00007f88320c4800 DEOPT UNPACKING pc=0x00000001193e9eba sp=0x000070000d43cea0 mode 0
Event: 3.606 Thread 0x00007f88320c4800 DEOPT PACKING pc=0x0000000119d42cd6 sp=0x000070000d43d9a0
Event: 3.606 Thread 0x00007f88320c4800 DEOPT UNPACKING pc=0x00000001193e9eba sp=0x000070000d43cea0 mode 0
Event: 3.607 Thread 0x00007f88320c4800 DEOPT PACKING pc=0x0000000119d42cd6 sp=0x000070000d43d9a0
Event: 3.607 Thread 0x00007f88320c4800 DEOPT UNPACKING pc=0x00000001193e9eba sp=0x000070000d43cea0 mode 0
Event: 3.607 Thread 0x00007f88320c4800 DEOPT PACKING pc=0x0000000119d42cd6 sp=0x000070000d43d9a0
Event: 3.607 Thread 0x00007f88320c4800 DEOPT UNPACKING pc=0x00000001193e9eba sp=0x000070000d43cea0 mode 0
Event: 3.608 Thread 0x00007f88320c4800 DEOPT PACKING pc=0x0000000119d42cd6 sp=0x000070000d43d9a0
Event: 3.608 Thread 0x00007f88320c4800 DEOPT UNPACKING pc=0x00000001193e9eba sp=0x000070000d43cea0 mode 0
Event: 3.608 Thread 0x00007f88320c4800 DEOPT PACKING pc=0x0000000119d42cd6 sp=0x000070000d43d9a0
Event: 3.608 Thread 0x00007f88320c4800 DEOPT UNPACKING pc=0x00000001193e9eba sp=0x000070000d43cea0 mode 0
Event: 3.608 Thread 0x00007f88320c4800 DEOPT PACKING pc=0x0000000119d42cd6 sp=0x000070000d43d9a0
Event: 3.608 Thread 0x00007f88320c4800 DEOPT UNPACKING pc=0x00000001193e9eba sp=0x000070000d43cea0 mode 0
Event: 3.609 Thread 0x00007f88320c4800 DEOPT PACKING pc=0x0000000119d42cd6 sp=0x000070000d43d9a0
Event: 3.609 Thread 0x00007f88320c4800 DEOPT UNPACKING pc=0x00000001193e9eba sp=0x000070000d43cea0 mode 0
Event: 3.683 Thread 0x00007f88320c4800 DEOPT PACKING pc=0x0000000119d42cd6 sp=0x000070000d43dae0
Event: 3.683 Thread 0x00007f88320c4800 DEOPT UNPACKING pc=0x00000001193e9eba sp=0x000070000d43cfe0 mode 0
Event: 3.684 Thread 0x00007f88320c4800 DEOPT PACKING pc=0x0000000119d42cd6 sp=0x000070000d43dae0
Event: 3.684 Thread 0x00007f88320c4800 DEOPT UNPACKING pc=0x00000001193e9eba sp=0x000070000d43cfe0 mode 0

Classes redefined (0 events):
No events

Internal exceptions (20 events):
Event: 3.547 Thread 0x00007f88320c4800 Exception <a 'sun/nio/fs/UnixException'{0x00000007ebe35850}> (0x00000007ebe35850) thrown at [./src/hotspot/share/prims/jni.cpp, line 615]
Event: 3.547 Thread 0x00007f88320c4800 Exception <a 'sun/nio/fs/UnixException'{0x00000007ebe36b78}> (0x00000007ebe36b78) thrown at [./src/hotspot/share/prims/jni.cpp, line 615]
Event: 3.547 Thread 0x00007f88320c4800 Exception <a 'sun/nio/fs/UnixException'{0x00000007ebe37ae0}> (0x00000007ebe37ae0) thrown at [./src/hotspot/share/prims/jni.cpp, line 615]
Event: 3.547 Thread 0x00007f88320c4800 Exception <a 'sun/nio/fs/UnixException'{0x00000007ebe38c58}> (0x00000007ebe38c58) thrown at [./src/hotspot/share/prims/jni.cpp, line 615]
Event: 3.547 Thread 0x00007f88320c4800 Exception <a 'sun/nio/fs/UnixException'{0x00000007ebe39f70}> (0x00000007ebe39f70) thrown at [./src/hotspot/share/prims/jni.cpp, line 615]
Event: 3.548 Thread 0x00007f88320c4800 Exception <a 'sun/nio/fs/UnixException'{0x00000007ebe3ea40}> (0x00000007ebe3ea40) thrown at [./src/hotspot/share/prims/jni.cpp, line 615]
Event: 3.548 Thread 0x00007f88320c4800 Exception <a 'sun/nio/fs/UnixException'{0x00000007ebe3fd20}> (0x00000007ebe3fd20) thrown at [./src/hotspot/share/prims/jni.cpp, line 615]
Event: 3.549 Thread 0x00007f88320c4800 Exception <a 'sun/nio/fs/UnixException'{0x00000007ebe45db8}> (0x00000007ebe45db8) thrown at [./src/hotspot/share/prims/jni.cpp, line 615]
Event: 3.552 Thread 0x00007f88320c4800 Exception <a 'sun/nio/fs/UnixException'{0x00000007ebe58a20}> (0x00000007ebe58a20) thrown at [./src/hotspot/share/prims/jni.cpp, line 615]
Event: 3.555 Thread 0x00007f88320c4800 Exception <a 'sun/nio/fs/UnixException'{0x00000007ebe77640}> (0x00000007ebe77640) thrown at [./src/hotspot/share/prims/jni.cpp, line 615]
Event: 3.556 Thread 0x00007f88320c4800 Exception <a 'sun/nio/fs/UnixException'{0x00000007ebe78ff0}> (0x00000007ebe78ff0) thrown at [./src/hotspot/share/prims/jni.cpp, line 615]
Event: 3.556 Thread 0x00007f88320c4800 Exception <a 'sun/nio/fs/UnixException'{0x00000007ebe7a510}> (0x00000007ebe7a510) thrown at [./src/hotspot/share/prims/jni.cpp, line 615]
Event: 3.556 Thread 0x00007f88320c4800 Exception <a 'sun/nio/fs/UnixException'{0x00000007ebe7b9d8}> (0x00000007ebe7b9d8) thrown at [./src/hotspot/share/prims/jni.cpp, line 615]
Event: 3.556 Thread 0x00007f88320c4800 Exception <a 'sun/nio/fs/UnixException'{0x00000007ebe7e480}> (0x00000007ebe7e480) thrown at [./src/hotspot/share/prims/jni.cpp, line 615]
Event: 3.557 Thread 0x00007f88320c4800 Exception <a 'sun/nio/fs/UnixException'{0x00000007ebe83bf8}> (0x00000007ebe83bf8) thrown at [./src/hotspot/share/prims/jni.cpp, line 615]
Event: 3.558 Thread 0x00007f88320c4800 Exception <a 'java/io/FileNotFoundException'{0x00000007ebe873e0}> (0x00000007ebe873e0) thrown at [./src/hotspot/share/prims/jni.cpp, line 615]
Event: 3.561 Thread 0x00007f88320c4800 Exception <a 'java/io/FileNotFoundException'{0x00000007ebe970b8}> (0x00000007ebe970b8) thrown at [./src/hotspot/share/prims/jni.cpp, line 615]
Event: 3.561 Thread 0x00007f88320c4800 Exception <a 'sun/nio/fs/UnixException'{0x00000007ebe9c920}> (0x00000007ebe9c920) thrown at [./src/hotspot/share/prims/jni.cpp, line 615]
Event: 3.565 Thread 0x00007f88320c4800 Exception <a 'sun/nio/fs/UnixException'{0x00000007ebeb2550}> (0x00000007ebeb2550) thrown at [./src/hotspot/share/prims/jni.cpp, line 615]
Event: 3.567 Thread 0x00007f88320c4800 Exception <a 'sun/nio/fs/UnixException'{0x00000007ebebe4b8}> (0x00000007ebebe4b8) thrown at [./src/hotspot/share/prims/jni.cpp, line 615]

Events (20 events):
Event: 3.600 Executing VM operation: RevokeBias
Event: 3.600 Executing VM operation: RevokeBias done
Event: 3.600 Executing VM operation: RevokeBias
Event: 3.600 Executing VM operation: RevokeBias done
Event: 3.600 Executing VM operation: RevokeBias
Event: 3.600 Executing VM operation: RevokeBias done
Event: 3.600 Executing VM operation: RevokeBias
Event: 3.600 Executing VM operation: RevokeBias done
Event: 3.605 loading class org/eclipse/jdt/internal/compiler/problem/messages
Event: 3.605 loading class org/eclipse/jdt/internal/compiler/problem/messages done
Event: 3.609 loading class org/eclipse/jdt/internal/compiler/problem/messages_es
Event: 3.609 loading class org/eclipse/jdt/internal/compiler/problem/messages_es done
Event: 3.609 loading class org/eclipse/jdt/internal/compiler/problem/messages_es_419
Event: 3.609 loading class org/eclipse/jdt/internal/compiler/problem/messages_es_419 done
Event: 3.636 Executing VM operation: RevokeBias
Event: 3.636 Executing VM operation: RevokeBias done
Event: 3.676 Executing VM operation: ParallelGCFailedAllocation
Event: 3.681 Executing VM operation: ParallelGCFailedAllocation done
Event: 3.713 Executing VM operation: CollectForMetadataAllocation
Event: 3.799 Executing VM operation: CollectForMetadataAllocation done


Dynamic libraries:
0x00007fff2dd07000 	/System/Library/Frameworks/Cocoa.framework/Versions/A/Cocoa
0x00007fff3b557000 	/System/Library/Frameworks/Security.framework/Versions/A/Security
0x00007fff2cc6d000 	/System/Library/Frameworks/ApplicationServices.framework/Versions/A/ApplicationServices
0x00007fff6831b000 	/usr/lib/libz.1.dylib
0x000000010a81e000 	/Applications/Android Studio.app/Contents/jre/jdk/Contents/Home/lib/jli/libjli.dylib
0x00007fff65d51000 	/usr/lib/libSystem.B.dylib
0x00007fff2be5d000 	/System/Library/Frameworks/AppKit.framework/Versions/C/AppKit
0x00007fff2e68b000 	/System/Library/Frameworks/CoreData.framework/Versions/A/CoreData
0x00007fff3129b000 	/System/Library/Frameworks/Foundation.framework/Versions/C/Foundation
0x00007fff5fd3e000 	/System/Library/PrivateFrameworks/UIFoundation.framework/Versions/A/UIFoundation
0x00007fff5add2000 	/System/Library/PrivateFrameworks/RemoteViewServices.framework/Versions/A/RemoteViewServices
0x00007fff628c1000 	/System/Library/PrivateFrameworks/XCTTargetBootstrap.framework/Versions/A/XCTTargetBootstrap
0x00007fff2ea87000 	/System/Library/Frameworks/CoreDisplay.framework/Versions/A/CoreDisplay
0x00007fff3415a000 	/System/Library/Frameworks/Metal.framework/Versions/A/Metal
0x00007fff48d78000 	/System/Library/PrivateFrameworks/DesktopServicesPriv.framework/Versions/A/DesktopServicesPriv
0x00007fff66f23000 	/usr/lib/liblangid.dylib
0x00007fff4800d000 	/System/Library/PrivateFrameworks/CoreSVG.framework/Versions/A/CoreSVG
0x00007fff5df2e000 	/System/Library/PrivateFrameworks/SkyLight.framework/Versions/A/SkyLight
0x00007fff2f03c000 	/System/Library/Frameworks/CoreGraphics.framework/Versions/A/CoreGraphics
0x00007fff2a7cc000 	/System/Library/Frameworks/Accelerate.framework/Versions/A/Accelerate
0x00007fff6820c000 	/usr/lib/libxml2.2.dylib
0x00007fff53d19000 	/System/Library/PrivateFrameworks/IconServices.framework/Versions/A/IconServices
0x00007fff31a7a000 	/System/Library/Frameworks/IOSurface.framework/Versions/A/IOSurface
0x00007fff6587b000 	/usr/lib/libDiagnosticMessagesClient.dylib
0x00007fff48bd2000 	/System/Library/PrivateFrameworks/DFRFoundation.framework/Versions/A/DFRFoundation
0x00007fff66cb2000 	/usr/lib/libicucore.A.dylib
0x00007fff2cf9f000 	/System/Library/Frameworks/AudioToolbox.framework/Versions/A/AudioToolbox
0x00007fff2d082000 	/System/Library/Frameworks/AudioUnit.framework/Versions/A/AudioUnit
0x00007fff65fe9000 	/usr/lib/libauto.dylib
0x00007fff48c74000 	/System/Library/PrivateFrameworks/DataDetectorsCore.framework/Versions/A/DataDetectorsCore
0x00007fff2d828000 	/System/Library/Frameworks/Carbon.framework/Versions/A/Frameworks/HIToolbox.framework/Versions/A/HIToolbox
0x00007fff3a751000 	/System/Library/Frameworks/QuartzCore.framework/Versions/A/QuartzCore
0x00007fff2db67000 	/System/Library/Frameworks/Carbon.framework/Versions/A/Frameworks/SpeechRecognition.framework/Versions/A/SpeechRecognition
0x00007fff486e6000 	/System/Library/PrivateFrameworks/CoreUI.framework/Versions/A/CoreUI
0x00007fff2e0f6000 	/System/Library/Frameworks/CoreAudio.framework/Versions/A/CoreAudio
0x00007fff30f5a000 	/System/Library/Frameworks/DiskArbitration.framework/Versions/A/DiskArbitration
0x00007fff55dab000 	/System/Library/PrivateFrameworks/MultitouchSupport.framework/Versions/A/MultitouchSupport
0x00007fff66b79000 	/usr/lib/libenergytrace.dylib
0x00007fff319d4000 	/System/Library/Frameworks/IOKit.framework/Versions/A/IOKit
0x00007fff2ffc6000 	/System/Library/Frameworks/CoreServices.framework/Versions/A/CoreServices
0x00007fff57f65000 	/System/Library/PrivateFrameworks/PerformanceAnalysis.framework/Versions/A/PerformanceAnalysis
0x00007fff39784000 	/System/Library/Frameworks/OpenGL.framework/Versions/A/OpenGL
0x00007fff67c48000 	/usr/lib/libobjc.A.dylib
0x00007fff2dd15000 	/System/Library/Frameworks/ColorSync.framework/Versions/A/ColorSync
0x00007fff2ebba000 	/System/Library/Frameworks/CoreFoundation.framework/Versions/A/CoreFoundation
0x00007fff2f6e2000 	/System/Library/Frameworks/CoreImage.framework/Versions/A/CoreImage
0x00007fff30a39000 	/System/Library/Frameworks/CoreText.framework/Versions/A/CoreText
0x00007fff31b0a000 	/System/Library/Frameworks/ImageIO.framework/Versions/A/ImageIO
0x00007fff660cd000 	/usr/lib/libc++.1.dylib
0x00007fff66149000 	/usr/lib/libcompression.dylib
0x00007fff65bbf000 	/usr/lib/libMobileGestalt.dylib
0x00007fff5faa8000 	/System/Library/PrivateFrameworks/TextureIO.framework/Versions/A/TextureIO
0x00007fff65eb6000 	/usr/lib/libate.dylib
0x00007fff53f22000 	/System/Library/PrivateFrameworks/InternationalSupport.framework/Versions/A/InternationalSupport
0x00007fff68bdc000 	/usr/lib/system/libcache.dylib
0x00007fff68be2000 	/usr/lib/system/libcommonCrypto.dylib
0x00007fff68bee000 	/usr/lib/system/libcompiler_rt.dylib
0x00007fff68bf6000 	/usr/lib/system/libcopyfile.dylib
0x00007fff68c00000 	/usr/lib/system/libcorecrypto.dylib
0x00007fff68d9f000 	/usr/lib/system/libdispatch.dylib
0x00007fff68de0000 	/usr/lib/system/libdyld.dylib
0x00007fff68e17000 	/usr/lib/system/libkeymgr.dylib
0x00007fff68e25000 	/usr/lib/system/liblaunch.dylib
0x00007fff68e26000 	/usr/lib/system/libmacho.dylib
0x00007fff68e2c000 	/usr/lib/system/libquarantine.dylib
0x00007fff68e2f000 	/usr/lib/system/libremovefile.dylib
0x00007fff68e31000 	/usr/lib/system/libsystem_asl.dylib
0x00007fff68e49000 	/usr/lib/system/libsystem_blocks.dylib
0x00007fff68e4a000 	/usr/lib/system/libsystem_c.dylib
0x00007fff68ed2000 	/usr/lib/system/libsystem_configuration.dylib
0x00007fff68ed6000 	/usr/lib/system/libsystem_coreservices.dylib
0x00007fff68eda000 	/usr/lib/system/libsystem_darwin.dylib
0x00007fff68ee3000 	/usr/lib/system/libsystem_dnssd.dylib
0x00007fff68eeb000 	/usr/lib/system/libsystem_featureflags.dylib
0x00007fff68eed000 	/usr/lib/system/libsystem_info.dylib
0x00007fff68f68000 	/usr/lib/system/libsystem_m.dylib
0x00007fff68fb4000 	/usr/lib/system/libsystem_malloc.dylib
0x00007fff68fdc000 	/usr/lib/system/libsystem_networkextension.dylib
0x00007fff68fea000 	/usr/lib/system/libsystem_notify.dylib
0x00007fff69008000 	/usr/lib/system/libsystem_sandbox.dylib
0x00007fff6900d000 	/usr/lib/system/libsystem_secinit.dylib
0x00007fff68f3b000 	/usr/lib/system/libsystem_kernel.dylib
0x00007fff68ff4000 	/usr/lib/system/libsystem_platform.dylib
0x00007fff68ffd000 	/usr/lib/system/libsystem_pthread.dylib
0x00007fff69010000 	/usr/lib/system/libsystem_symptoms.dylib
0x00007fff69018000 	/usr/lib/system/libsystem_trace.dylib
0x00007fff69030000 	/usr/lib/system/libunwind.dylib
0x00007fff69036000 	/usr/lib/system/libxpc.dylib
0x00007fff66120000 	/usr/lib/libc++abi.dylib
0x00007fff66f25000 	/usr/lib/liblzma.5.dylib
0x00007fff66ba0000 	/usr/lib/libfakelink.dylib
0x00007fff65e43000 	/usr/lib/libarchive.2.dylib
0x00007fff3c60a000 	/System/Library/Frameworks/SystemConfiguration.framework/Versions/A/SystemConfiguration
0x00007fff657ae000 	/usr/lib/libCRFSuite.dylib
0x00007fff2d419000 	/System/Library/Frameworks/CFNetwork.framework/Versions/A/CFNetwork
0x00007fff660af000 	/usr/lib/libbsm.0.dylib
0x00007fff68e18000 	/usr/lib/system/libkxld.dylib
0x00007fff4254c000 	/System/Library/PrivateFrameworks/AppleFSCompression.framework/Versions/A/AppleFSCompression
0x00007fff6643b000 	/usr/lib/libcoretls.dylib
0x00007fff66452000 	/usr/lib/libcoretls_cfhelpers.dylib
0x00007fff67c8d000 	/usr/lib/libpam.2.dylib
0x00007fff67dc2000 	/usr/lib/libsqlite3.dylib
0x00007fff681f9000 	/usr/lib/libxar.1.dylib
0x00007fff660c0000 	/usr/lib/libbz2.1.0.dylib
0x00007fff66bc1000 	/usr/lib/libiconv.2.dylib
0x00007fff66136000 	/usr/lib/libcharset.1.dylib
0x00007fff6772b000 	/usr/lib/libnetwork.dylib
0x00007fff67c94000 	/usr/lib/libpcap.A.dylib
0x00007fff65df8000 	/usr/lib/libapple_nghttp2.dylib
0x00007fff3037d000 	/System/Library/Frameworks/CoreServices.framework/Versions/A/Frameworks/FSEvents.framework/Versions/A/FSEvents
0x00007fff3004d000 	/System/Library/Frameworks/CoreServices.framework/Versions/A/Frameworks/CarbonCore.framework/Versions/A/CarbonCore
0x00007fff305c1000 	/System/Library/Frameworks/CoreServices.framework/Versions/A/Frameworks/Metadata.framework/Versions/A/Metadata
0x00007fff3065a000 	/System/Library/Frameworks/CoreServices.framework/Versions/A/Frameworks/OSServices.framework/Versions/A/OSServices
0x00007fff30688000 	/System/Library/Frameworks/CoreServices.framework/Versions/A/Frameworks/SearchKit.framework/Versions/A/SearchKit
0x00007fff2ffc7000 	/System/Library/Frameworks/CoreServices.framework/Versions/A/Frameworks/AE.framework/Versions/A/AE
0x00007fff30386000 	/System/Library/Frameworks/CoreServices.framework/Versions/A/Frameworks/LaunchServices.framework/Versions/A/LaunchServices
0x00007fff3032f000 	/System/Library/Frameworks/CoreServices.framework/Versions/A/Frameworks/DictionaryServices.framework/Versions/A/DictionaryServices
0x00007fff306f0000 	/System/Library/Frameworks/CoreServices.framework/Versions/A/Frameworks/SharedFileList.framework/Versions/A/SharedFileList
0x00007fff355a3000 	/System/Library/Frameworks/NetFS.framework/Versions/A/NetFS
0x00007fff562db000 	/System/Library/PrivateFrameworks/NetAuth.framework/Versions/A/NetAuth
0x00007fff62c8e000 	/System/Library/PrivateFrameworks/login.framework/Versions/A/Frameworks/loginsupport.framework/Versions/A/loginsupport
0x00007fff5f573000 	/System/Library/PrivateFrameworks/TCC.framework/Versions/A/TCC
0x00007fff47180000 	/System/Library/PrivateFrameworks/CoreNLP.framework/Versions/A/CoreNLP
0x00007fff55796000 	/System/Library/PrivateFrameworks/MetadataUtilities.framework/Versions/A/MetadataUtilities
0x00007fff66ffd000 	/usr/lib/libmecabra.dylib
0x00007fff66f55000 	/usr/lib/libmecab.dylib
0x00007fff66bb1000 	/usr/lib/libgermantok.dylib
0x00007fff65ddf000 	/usr/lib/libThaiTokenizer.dylib
0x00007fff657e5000 	/usr/lib/libChineseTokenizer.dylib
0x00007fff2a7e5000 	/System/Library/Frameworks/Accelerate.framework/Versions/A/Frameworks/vImage.framework/Versions/A/vImage
0x00007fff2bcb3000 	/System/Library/Frameworks/Accelerate.framework/Versions/A/Frameworks/vecLib.framework/Versions/A/vecLib
0x00007fff2bb34000 	/System/Library/Frameworks/Accelerate.framework/Versions/A/Frameworks/vecLib.framework/Versions/A/libvMisc.dylib
0x00007fff2b9a1000 	/System/Library/Frameworks/Accelerate.framework/Versions/A/Frameworks/vecLib.framework/Versions/A/libvDSP.dylib
0x00007fff2b081000 	/System/Library/Frameworks/Accelerate.framework/Versions/A/Frameworks/vecLib.framework/Versions/A/libBLAS.dylib
0x00007fff2b559000 	/System/Library/Frameworks/Accelerate.framework/Versions/A/Frameworks/vecLib.framework/Versions/A/libLAPACK.dylib
0x00007fff2b901000 	/System/Library/Frameworks/Accelerate.framework/Versions/A/Frameworks/vecLib.framework/Versions/A/libLinearAlgebra.dylib
0x00007fff2b98e000 	/System/Library/Frameworks/Accelerate.framework/Versions/A/Frameworks/vecLib.framework/Versions/A/libSparseBLAS.dylib
0x00007fff2b917000 	/System/Library/Frameworks/Accelerate.framework/Versions/A/Frameworks/vecLib.framework/Versions/A/libQuadrature.dylib
0x00007fff2b217000 	/System/Library/Frameworks/Accelerate.framework/Versions/A/Frameworks/vecLib.framework/Versions/A/libBNNS.dylib
0x00007fff2b91d000 	/System/Library/Frameworks/Accelerate.framework/Versions/A/Frameworks/vecLib.framework/Versions/A/libSparse.dylib
0x00007fff5430a000 	/System/Library/PrivateFrameworks/LanguageModeling.framework/Versions/A/LanguageModeling
0x00007fff46b2f000 	/System/Library/PrivateFrameworks/CoreEmoji.framework/Versions/A/CoreEmoji
0x00007fff54428000 	/System/Library/PrivateFrameworks/LinguisticData.framework/Versions/A/LinguisticData
0x00007fff543d9000 	/System/Library/PrivateFrameworks/Lexicon.framework/Versions/A/Lexicon
0x00007fff66137000 	/usr/lib/libcmph.dylib
0x00007fff38192000 	/System/Library/Frameworks/OpenDirectory.framework/Versions/A/Frameworks/CFOpenDirectory.framework/Versions/A/CFOpenDirectory
0x00007fff381af000 	/System/Library/Frameworks/OpenDirectory.framework/Versions/A/OpenDirectory
0x00007fff405f4000 	/System/Library/PrivateFrameworks/APFS.framework/Versions/A/APFS
0x00007fff3b8a3000 	/System/Library/Frameworks/SecurityFoundation.framework/Versions/A/SecurityFoundation
0x00007fff681f5000 	/usr/lib/libutil.dylib
0x00007fff48065000 	/System/Library/PrivateFrameworks/CoreServicesStore.framework/Versions/A/CoreServicesStore
0x00007fff3b95a000 	/System/Library/Frameworks/ServiceManagement.framework/Versions/A/ServiceManagement
0x00007fff43d1d000 	/System/Library/PrivateFrameworks/BackgroundTaskManagement.framework/Versions/A/BackgroundTaskManagement
0x00007fff682f2000 	/usr/lib/libxslt.1.dylib
0x00007fff42bbf000 	/System/Library/PrivateFrameworks/AppleSystemInfo.framework/Versions/A/AppleSystemInfo
0x00007fff31d29000 	/System/Library/Frameworks/ImageIO.framework/Versions/A/Resources/libJPEG.dylib
0x00007fff31fe8000 	/System/Library/Frameworks/ImageIO.framework/Versions/A/Resources/libTIFF.dylib
0x00007fff31fcb000 	/System/Library/Frameworks/ImageIO.framework/Versions/A/Resources/libPng.dylib
0x00007fff31c6b000 	/System/Library/Frameworks/ImageIO.framework/Versions/A/Resources/libGIF.dylib
0x00007fff31c6f000 	/System/Library/Frameworks/ImageIO.framework/Versions/A/Resources/libJP2.dylib
0x00007fff31fe6000 	/System/Library/Frameworks/ImageIO.framework/Versions/A/Resources/libRadiance.dylib
0x00007fff66b7a000 	/usr/lib/libexpat.1.dylib
0x00007fff426a7000 	/System/Library/PrivateFrameworks/AppleJPEG.framework/Versions/A/AppleJPEG
0x00007fff4b37b000 	/System/Library/PrivateFrameworks/FontServices.framework/libFontParser.dylib
0x00007fff61c90000 	/System/Library/PrivateFrameworks/WatchdogClient.framework/Versions/A/WatchdogClient
0x00007fff53965000 	/System/Library/PrivateFrameworks/IOAccelerator.framework/Versions/A/IOAccelerator
0x00007fff344f5000 	/System/Library/Frameworks/MetalPerformanceShaders.framework/Versions/A/MetalPerformanceShaders
0x00007fff500f5000 	/System/Library/PrivateFrameworks/GPUWrangler.framework/Versions/A/GPUWrangler
0x00007fff5397a000 	/System/Library/PrivateFrameworks/IOPresentment.framework/Versions/A/IOPresentment
0x00007fff48be5000 	/System/Library/PrivateFrameworks/DSExternalDisplay.framework/Versions/A/DSExternalDisplay
0x00007fff38b23000 	/System/Library/Frameworks/OpenGL.framework/Versions/A/Libraries/libCoreFSCache.dylib
0x00007fff34241000 	/System/Library/Frameworks/MetalPerformanceShaders.framework/Frameworks/MPSCore.framework/Versions/A/MPSCore
0x00007fff3427f000 	/System/Library/Frameworks/MetalPerformanceShaders.framework/Frameworks/MPSImage.framework/Versions/A/MPSImage
0x00007fff34346000 	/System/Library/Frameworks/MetalPerformanceShaders.framework/Frameworks/MPSNeuralNetwork.framework/Versions/A/MPSNeuralNetwork
0x00007fff3430a000 	/System/Library/Frameworks/MetalPerformanceShaders.framework/Frameworks/MPSMatrix.framework/Versions/A/MPSMatrix
0x00007fff344a5000 	/System/Library/Frameworks/MetalPerformanceShaders.framework/Frameworks/MPSRayIntersector.framework/Versions/A/MPSRayIntersector
0x00007fff34330000 	/System/Library/Frameworks/MetalPerformanceShaders.framework/Frameworks/MPSNDArray.framework/Versions/A/MPSNDArray
0x00007fff557e3000 	/System/Library/PrivateFrameworks/MetalTools.framework/Versions/A/MetalTools
0x00007fff417ce000 	/System/Library/PrivateFrameworks/AggregateDictionary.framework/Versions/A/AggregateDictionary
0x00007fff46577000 	/System/Library/PrivateFrameworks/CoreAnalytics.framework/Versions/A/CoreAnalytics
0x00007fff42ade000 	/System/Library/PrivateFrameworks/AppleSauce.framework/Versions/A/AppleSauce
0x00007fff65aa1000 	/usr/lib/libIOReport.dylib
0x00007fff30bf1000 	/System/Library/Frameworks/CoreVideo.framework/Versions/A/CoreVideo
0x00007fff5156e000 	/System/Library/PrivateFrameworks/GraphVisualizer.framework/Versions/A/GraphVisualizer
0x00007fff4a8c1000 	/System/Library/PrivateFrameworks/FaceCore.framework/Versions/A/FaceCore
0x00007fff38139000 	/System/Library/Frameworks/OpenCL.framework/Versions/A/OpenCL
0x00007fff658c3000 	/usr/lib/libFosl_dynamic.dylib
0x00007fff56cfc000 	/System/Library/PrivateFrameworks/OTSVG.framework/Versions/A/OTSVG
0x00007fff2cd72000 	/System/Library/Frameworks/ApplicationServices.framework/Versions/A/Frameworks/ATS.framework/Versions/A/Resources/libFontRegistry.dylib
0x00007fff4b549000 	/System/Library/PrivateFrameworks/FontServices.framework/libhvf.dylib
0x00007fff38b2e000 	/System/Library/Frameworks/OpenGL.framework/Versions/A/Libraries/libGFXShared.dylib
0x00007fff38d0c000 	/System/Library/Frameworks/OpenGL.framework/Versions/A/Libraries/libGLU.dylib
0x00007fff38b37000 	/System/Library/Frameworks/OpenGL.framework/Versions/A/Libraries/libGL.dylib
0x00007fff38b42000 	/System/Library/Frameworks/OpenGL.framework/Versions/A/Libraries/libGLImage.dylib
0x00007fff38b20000 	/System/Library/Frameworks/OpenGL.framework/Versions/A/Libraries/libCVMSPluginSupport.dylib
0x00007fff38b29000 	/System/Library/Frameworks/OpenGL.framework/Versions/A/Libraries/libCoreVMClient.dylib
0x00007fff675cc000 	/usr/lib/libncurses.5.4.dylib
0x00007fff2cc6e000 	/System/Library/Frameworks/ApplicationServices.framework/Versions/A/Frameworks/ATS.framework/Versions/A/ATS
0x00007fff2ce3b000 	/System/Library/Frameworks/ApplicationServices.framework/Versions/A/Frameworks/ColorSyncLegacy.framework/Versions/A/ColorSyncLegacy
0x00007fff2ced9000 	/System/Library/Frameworks/ApplicationServices.framework/Versions/A/Frameworks/HIServices.framework/Versions/A/HIServices
0x00007fff2cf31000 	/System/Library/Frameworks/ApplicationServices.framework/Versions/A/Frameworks/LangAnalysis.framework/Versions/A/LangAnalysis
0x00007fff2cf40000 	/System/Library/Frameworks/ApplicationServices.framework/Versions/A/Frameworks/PrintCore.framework/Versions/A/PrintCore
0x00007fff2cf86000 	/System/Library/Frameworks/ApplicationServices.framework/Versions/A/Frameworks/QD.framework/Versions/A/QD
0x00007fff2cf91000 	/System/Library/Frameworks/ApplicationServices.framework/Versions/A/Frameworks/SpeechSynthesis.framework/Versions/A/SpeechSynthesis
0x00007fff2ce0b000 	/System/Library/Frameworks/ApplicationServices.framework/Versions/A/Frameworks/ATSUI.framework/Versions/A/ATSUI
0x00007fff66a10000 	/usr/lib/libcups.2.dylib
0x00007fff33590000 	/System/Library/Frameworks/Kerberos.framework/Versions/A/Kerberos
0x00007fff316cd000 	/System/Library/Frameworks/GSS.framework/Versions/A/GSS
0x00007fff67d4e000 	/usr/lib/libresolv.9.dylib
0x00007fff5171b000 	/System/Library/PrivateFrameworks/Heimdal.framework/Versions/A/Heimdal
0x00007fff335a3000 	/System/Library/Frameworks/Kerberos.framework/Versions/A/Libraries/libHeimdalProxy.dylib
0x00007fff66bb7000 	/usr/lib/libheimdal-asn1.dylib
0x00007fff45a0f000 	/System/Library/PrivateFrameworks/CommonAuth.framework/Versions/A/CommonAuth
0x00007fff42c5c000 	/System/Library/PrivateFrameworks/AssertionServices.framework/Versions/A/AssertionServices
0x00007fff437ff000 	/System/Library/PrivateFrameworks/AudioToolboxCore.framework/Versions/A/AudioToolboxCore
0x00007fff6293e000 	/System/Library/PrivateFrameworks/caulk.framework/Versions/A/caulk
0x00007fff43dc9000 	/System/Library/PrivateFrameworks/BaseBoard.framework/Versions/A/BaseBoard
0x00007fff5af60000 	/System/Library/PrivateFrameworks/RunningBoardServices.framework/Versions/A/RunningBoardServices
0x00007fff57f71000 	/System/Library/PrivateFrameworks/PersistentConnection.framework/Versions/A/PersistentConnection
0x00007fff5a959000 	/System/Library/PrivateFrameworks/ProtocolBuffer.framework/Versions/A/ProtocolBuffer
0x00007fff45a33000 	/System/Library/PrivateFrameworks/CommonUtilities.framework/Versions/A/CommonUtilities
0x00007fff43f57000 	/System/Library/PrivateFrameworks/Bom.framework/Versions/A/Bom
0x00007fff65774000 	/usr/lib/libAudioToolboxUtility.dylib
0x00007fff43d27000 	/System/Library/PrivateFrameworks/Backup.framework/Versions/A/Backup
0x00007fff48b06000 	/System/Library/PrivateFrameworks/CrashReporterSupport.framework/Versions/A/CrashReporterSupport
0x00007fff5c9f2000 	/System/Library/PrivateFrameworks/Sharing.framework/Versions/A/Sharing
0x00007fff4226a000 	/System/Library/PrivateFrameworks/Apple80211.framework/Versions/A/Apple80211
0x00007fff43a44000 	/System/Library/PrivateFrameworks/AuthKit.framework/Versions/A/AuthKit
0x00007fff48813000 	/System/Library/PrivateFrameworks/CoreUtils.framework/Versions/A/CoreUtils
0x00007fff30c36000 	/System/Library/Frameworks/CoreWLAN.framework/Versions/A/CoreWLAN
0x00007fff3185a000 	/System/Library/Frameworks/IOBluetooth.framework/Versions/A/IOBluetooth
0x00007fff55b2a000 	/System/Library/PrivateFrameworks/MobileKeyBag.framework/Versions/A/MobileKeyBag
0x00007fff47618000 	/System/Library/PrivateFrameworks/CorePhoneNumbers.framework/Versions/A/CorePhoneNumbers
0x00007fff4265a000 	/System/Library/PrivateFrameworks/AppleIDAuthSupport.framework/Versions/A/AppleIDAuthSupport
0x00007fff355b0000 	/System/Library/Frameworks/Network.framework/Versions/A/Network
0x00007fff541b6000 	/System/Library/PrivateFrameworks/KeychainCircle.framework/Versions/A/KeychainCircle
0x00007fff2e652000 	/System/Library/Frameworks/CoreBluetooth.framework/Versions/A/CoreBluetooth
0x00007fff5ea71000 	/System/Library/PrivateFrameworks/SpeechRecognitionCore.framework/Versions/A/SpeechRecognitionCore
0x000000010b200000 	/Applications/Android Studio.app/Contents/jre/jdk/Contents/Home/lib/server/libjvm.dylib
0x000000010a843000 	/Applications/Android Studio.app/Contents/jre/jdk/Contents/Home/lib/libverify.dylib
0x000000010a854000 	/Applications/Android Studio.app/Contents/jre/jdk/Contents/Home/lib/libjava.dylib
0x000000010a881000 	/Applications/Android Studio.app/Contents/jre/jdk/Contents/Home/lib/libjimage.dylib
0x000000010a8d7000 	/Applications/Android Studio.app/Contents/jre/jdk/Contents/Home/lib/libzip.dylib
0x00000001141e1000 	/Applications/Android Studio.app/Contents/jre/jdk/Contents/Home/lib/libnio.dylib
0x00000001141f4000 	/Applications/Android Studio.app/Contents/jre/jdk/Contents/Home/lib/libnet.dylib
0x000000011460d000 	/Users/imac/Library/Application Support/Code/User/globalStorage/redhat.java/0.80.0/config_ss_mac/org.eclipse.equinox.launcher/org.eclipse.equinox.launcher.cocoa.macosx.x86_64_1.2.300.v20210617-0451/eclipse_11501.so
0x00007fff48031000 	/System/Library/PrivateFrameworks/CoreServicesInternal.framework/Versions/A/CoreServicesInternal
0x00007fff31155000 	/System/Library/Frameworks/FileProvider.framework/Versions/A/FileProvider
0x00007fff2bcb4000 	/System/Library/Frameworks/Accounts.framework/Versions/A/Accounts
0x00007fff5041a000 	/System/Library/PrivateFrameworks/GenerationalStorage.framework/Versions/A/GenerationalStorage
0x00007fff485b8000 	/System/Library/PrivateFrameworks/CoreSymbolication.framework/Versions/A/CoreSymbolication
0x00007fff5f2b3000 	/System/Library/PrivateFrameworks/SymptomDiagnosticReporter.framework/Versions/A/SymptomDiagnosticReporter
0x00007fff41d6e000 	/System/Library/PrivateFrameworks/AppContainer.framework/Versions/A/AppContainer
0x00007fff67d68000 	/usr/lib/libsandbox.1.dylib
0x00007fff60c33000 	/System/Library/PrivateFrameworks/UserManagement.framework/Versions/A/UserManagement
0x00007fff44b13000 	/System/Library/PrivateFrameworks/ChunkingLibrary.framework/Versions/A/ChunkingLibrary
0x00007fff48d3a000 	/System/Library/PrivateFrameworks/DebugSymbols.framework/Versions/A/DebugSymbols
0x00007fff41de0000 	/System/Library/PrivateFrameworks/AppSandbox.framework/Versions/A/AppSandbox
0x00007fff5c87c000 	/System/Library/PrivateFrameworks/SecCodeWrapper.framework/Versions/A/SecCodeWrapper
0x00007fff65b89000 	/usr/lib/libMatch.1.dylib
0x00007fff619ff000 	/System/Library/PrivateFrameworks/ViewBridge.framework/Versions/A/ViewBridge


VM Arguments:
jvm_args: --add-modules=ALL-SYSTEM --add-opens=java.base/java.util=ALL-UNNAMED --add-opens=java.base/java.lang=ALL-UNNAMED -Declipse.application=org.eclipse.jdt.ls.core.id1 -Dosgi.bundles.defaultStartLevel=4 -Declipse.product=org.eclipse.jdt.ls.core.product -Dfile.encoding=utf8 -XX:+UseParallelGC -XX:GCTimeRatio=4 -XX:AdaptiveSizePolicyWeight=90 -Dsun.zip.disableMemoryMapping=true -Xmx1G -Xms100m -Xverify:none 
java_command: /Users/imac/.vscode/extensions/redhat.java-0.80.0/server/plugins/org.eclipse.equinox.launcher_1.6.200.v20210416-2027.jar -configuration /Users/imac/Library/Application Support/Code/User/globalStorage/redhat.java/0.80.0/config_ss_mac -data /Users/imac/Library/Application Support/Code/User/workspaceStorage/d3bbf0972907c79e18eac1fbdd73c638/redhat.java/ss_ws
java_class_path (initial): /Users/imac/.vscode/extensions/redhat.java-0.80.0/server/plugins/org.eclipse.equinox.launcher_1.6.200.v20210416-2027.jar
Launcher Type: SUN_STANDARD

[Global flags]
    uintx AdaptiveSizePolicyWeight                 = 90                                        {product} {command line}
     bool BytecodeVerificationLocal                = false                                     {product} {command line}
     bool BytecodeVerificationRemote               = false                                     {product} {command line}
     intx CICompilerCount                          = 3                                         {product} {ergonomic}
    uintx GCTimeRatio                              = 4                                         {product} {command line}
   size_t InitialHeapSize                          = 104857600                                 {product} {command line}
   size_t MaxHeapSize                              = 1073741824                                {product} {command line}
   size_t MaxNewSize                               = 357564416                                 {product} {ergonomic}
   size_t MinHeapDeltaBytes                        = 524288                                    {product} {ergonomic}
   size_t NewSize                                  = 34603008                                  {product} {ergonomic}
    uintx NonNMethodCodeHeapSize                   = 5830732                                {pd product} {ergonomic}
    uintx NonProfiledCodeHeapSize                  = 122913754                              {pd product} {ergonomic}
   size_t OldSize                                  = 70254592                                  {product} {ergonomic}
    uintx ProfiledCodeHeapSize                     = 122913754                              {pd product} {ergonomic}
    uintx ReservedCodeCacheSize                    = 251658240                              {pd product} {ergonomic}
     bool SegmentedCodeCache                       = true                                      {product} {ergonomic}
     bool UseCompressedClassPointers               = true                                 {lp64_product} {ergonomic}
     bool UseCompressedOops                        = true                                 {lp64_product} {ergonomic}
     bool UseParallelGC                            = true                                      {product} {command line}

Logging:
Log output configuration:
 #0: stdout all=warning uptime,level,tags
 #1: stderr all=off uptime,level,tags

Environment Variables:
JAVA_HOME=/Applications/Android Studio.app/Contents/jre/jdk/Contents/Home
PATH=/Users/imac/.yarn/bin:/Users/imac/.config/yarn/global/node_modules/.bin:/usr/local/bin:/usr/bin:/bin:/usr/sbin:/sbin:/usr/local/share/dotnet:~/.dotnet/tools:/Library/Apple/usr/bin:/Library/Frameworks/Mono.framework/Versions/Current/Commands:/Users/imac/Library/Android/sdk/emulator:/Users/imac/Library/Android/sdk/tools:/Users/imac/Library/Android/sdk/tools/bin:/Users/imac/Library/Android/sdk/platform-tools
SHELL=/bin/zsh

Signal Handlers:
SIGSEGV: [libjvm.dylib+0x7426da], sa_mask[0]=11111111011111110111111111111111, sa_flags=SA_ONSTACK|SA_RESTART|SA_SIGINFO
SIGBUS: [libjvm.dylib+0x7426da], sa_mask[0]=11111111011111110111111111111111, sa_flags=SA_RESTART|SA_SIGINFO
SIGFPE: [libjvm.dylib+0x7426da], sa_mask[0]=11111111011111110111111111111111, sa_flags=SA_RESTART|SA_SIGINFO
SIGPIPE: [libjvm.dylib+0x5f4223], sa_mask[0]=11111111011111110111111111111111, sa_flags=SA_RESTART|SA_SIGINFO
SIGXFSZ: [libjvm.dylib+0x5f4223], sa_mask[0]=11111111011111110111111111111111, sa_flags=SA_RESTART|SA_SIGINFO
SIGILL: [libjvm.dylib+0x7426da], sa_mask[0]=11111111011111110111111111111111, sa_flags=SA_RESTART|SA_SIGINFO
SIGUSR2: [libjvm.dylib+0x5f480b], sa_mask[0]=00000000000000000000000000000000, sa_flags=SA_RESTART|SA_SIGINFO
SIGHUP: [libjvm.dylib+0x5f3351], sa_mask[0]=11111111011111110111111111111111, sa_flags=SA_RESTART|SA_SIGINFO
SIGINT: [libjvm.dylib+0x5f3351], sa_mask[0]=11111111011111110111111111111111, sa_flags=SA_RESTART|SA_SIGINFO
SIGTERM: [libjvm.dylib+0x5f3351], sa_mask[0]=11111111011111110111111111111111, sa_flags=SA_RESTART|SA_SIGINFO
SIGQUIT: [libjvm.dylib+0x5f3351], sa_mask[0]=11111111011111110111111111111111, sa_flags=SA_RESTART|SA_SIGINFO


---------------  S Y S T E M  ---------------

OS:uname:Darwin 19.6.0 Darwin Kernel Version 19.6.0: Tue Jun 22 19:49:55 PDT 2021; root:xnu-6153.141.35~1/RELEASE_X86_64 x86_64
OS uptime: 0 days 10:49 hours
rlimit (soft/hard): STACK 8192k/65532k , CORE 0k/infinity , NPROC 4176/6264 , NOFILE 10240/infinity , AS infinity/infinity , CPU infinity/infinity , DATA infinity/infinity , FSIZE infinity/infinity , MEMLOCK infinity/infinity , RSS infinity/infinity
load average:1.97 1.84 1.83

CPU:total 4 (initial active 4) (4 cores per cpu, 1 threads per core) family 6 model 58 stepping 9, cmov, cx8, fxsr, mmx, sse, sse2, sse3, ssse3, sse4.1, sse4.2, popcnt, avx, aes, clmul, erms, tsc, tscinvbit, tscinv

Memory: 4k page, physical 25165824k(1691488k free), swap 0k(0k free)

vm_info: OpenJDK 64-Bit Server VM (11.0.8+10-b944.6916264) for bsd-amd64 JRE (11.0.8+10-b944.6916264), built on Dec 31 2020 16:59:49 by "builder" with gcc 4.2.1 Compatible Apple LLVM 10.0.1 (clang-1001.0.46.4)

END.
